{"/home/travis/build/npmtest/node-npmtest-flex-combo/test.js":{"path":"/home/travis/build/npmtest/node-npmtest-flex-combo/test.js","s":{"1":2,"2":2,"3":2,"4":2,"5":2,"6":2,"7":2,"8":1,"9":2,"10":2,"11":1,"12":1,"13":1,"14":1,"15":2,"16":2,"17":2,"18":2,"19":1,"20":1,"21":2,"22":2,"23":2,"24":1,"25":1,"26":1,"27":1,"28":1,"29":1,"30":1,"31":1,"32":1,"33":1,"34":1,"35":1,"36":1,"37":1,"38":1,"39":2,"40":2,"41":1,"42":2,"43":2,"44":1,"45":2,"46":2,"47":1,"48":2,"49":2,"50":1,"51":1,"52":1,"53":1,"54":1},"b":{"1":[2,1,1,1],"2":[1,1,1,1],"3":[1,1],"4":[1,1],"5":[1,1],"6":[1,1],"7":[1,1],"8":[1,1],"9":[1,1],"10":[1,1,1],"11":[1,1],"12":[1,1],"13":[1,1],"14":[1,1],"15":[1,1],"16":[1,1],"17":[1,1]},"f":{"1":2,"2":2,"3":2,"4":2,"5":2,"6":1,"7":1,"8":1,"9":2,"10":2,"11":2,"12":2,"13":1},"fnMap":{"1":{"name":"(anonymous_1)","line":12,"loc":{"start":{"line":12,"column":1},"end":{"line":12,"column":13}}},"2":{"name":"(anonymous_2)","line":19,"loc":{"start":{"line":19,"column":5},"end":{"line":19,"column":17}}},"3":{"name":"(anonymous_3)","line":23,"loc":{"start":{"line":23,"column":24},"end":{"line":23,"column":36}}},"4":{"name":"(anonymous_4)","line":61,"loc":{"start":{"line":61,"column":5},"end":{"line":61,"column":17}}},"5":{"name":"(anonymous_5)","line":82,"loc":{"start":{"line":82,"column":5},"end":{"line":82,"column":17}}},"6":{"name":"(anonymous_6)","line":91,"loc":{"start":{"line":91,"column":77},"end":{"line":94,"column":10}}},"7":{"name":"(anonymous_7)","line":112,"loc":{"start":{"line":112,"column":83},"end":{"line":115,"column":10}},"skip":true},"8":{"name":"(anonymous_8)","line":123,"loc":{"start":{"line":123,"column":77},"end":{"line":126,"column":10}},"skip":true},"9":{"name":"(anonymous_9)","line":139,"loc":{"start":{"line":139,"column":12},"end":{"line":139,"column":40}},"skip":true},"10":{"name":"(anonymous_10)","line":147,"loc":{"start":{"line":147,"column":77},"end":{"line":150,"column":10}},"skip":true},"11":{"name":"(anonymous_11)","line":158,"loc":{"start":{"line":158,"column":83},"end":{"line":161,"column":10}},"skip":true},"12":{"name":"(anonymous_12)","line":169,"loc":{"start":{"line":169,"column":79},"end":{"line":172,"column":10}},"skip":true},"13":{"name":"(anonymous_13)","line":180,"loc":{"start":{"line":180,"column":75},"end":{"line":183,"column":10}},"skip":true}},"statementMap":{"1":{"start":{"line":12,"column":0},"end":{"line":195,"column":5}},"2":{"start":{"line":14,"column":4},"end":{"line":14,"column":14}},"3":{"start":{"line":19,"column":4},"end":{"line":56,"column":9}},"4":{"start":{"line":21,"column":8},"end":{"line":21,"column":19}},"5":{"start":{"line":23,"column":8},"end":{"line":35,"column":13}},"6":{"start":{"line":24,"column":12},"end":{"line":34,"column":13}},"7":{"start":{"line":25,"column":16},"end":{"line":28,"column":30}},"8":{"start":{"line":30,"column":16},"end":{"line":33,"column":27}},"9":{"start":{"line":37,"column":8},"end":{"line":39,"column":21}},"10":{"start":{"line":40,"column":8},"end":{"line":53,"column":9}},"11":{"start":{"line":43,"column":12},"end":{"line":46,"column":14}},"12":{"start":{"line":47,"column":12},"end":{"line":47,"column":18}},"13":{"start":{"line":50,"column":12},"end":{"line":51,"column":46}},"14":{"start":{"line":52,"column":12},"end":{"line":52,"column":18}},"15":{"start":{"line":55,"column":8},"end":{"line":55,"column":35}},"16":{"start":{"line":61,"column":4},"end":{"line":63,"column":9}},"17":{"start":{"line":62,"column":8},"end":{"line":62,"column":15}},"18":{"start":{"line":64,"column":4},"end":{"line":77,"column":5}},"19":{"start":{"line":70,"column":8},"end":{"line":70,"column":14}},"20":{"start":{"line":76,"column":8},"end":{"line":76,"column":14}},"21":{"start":{"line":82,"column":4},"end":{"line":84,"column":9}},"22":{"start":{"line":83,"column":8},"end":{"line":83,"column":15}},"23":{"start":{"line":85,"column":4},"end":{"line":194,"column":5}},"24":{"start":{"line":91,"column":8},"end":{"line":99,"column":10}},"25":{"start":{"line":98,"column":12},"end":{"line":98,"column":35}},"26":{"start":{"line":102,"column":8},"end":{"line":104,"column":63}},"27":{"start":{"line":105,"column":8},"end":{"line":105,"column":14}},"28":{"start":{"line":112,"column":8},"end":{"line":121,"column":10},"skip":true},"29":{"start":{"line":119,"column":12},"end":{"line":119,"column":55},"skip":true},"30":{"start":{"line":120,"column":12},"end":{"line":120,"column":48},"skip":true},"31":{"start":{"line":123,"column":8},"end":{"line":136,"column":10},"skip":true},"32":{"start":{"line":130,"column":12},"end":{"line":130,"column":76},"skip":true},"33":{"start":{"line":131,"column":12},"end":{"line":131,"column":73},"skip":true},"34":{"start":{"line":132,"column":12},"end":{"line":132,"column":74},"skip":true},"35":{"start":{"line":133,"column":12},"end":{"line":133,"column":79},"skip":true},"36":{"start":{"line":134,"column":12},"end":{"line":134,"column":25},"skip":true},"37":{"start":{"line":135,"column":12},"end":{"line":135,"column":45},"skip":true},"38":{"start":{"line":138,"column":8},"end":{"line":145,"column":14},"skip":true},"39":{"start":{"line":143,"column":16},"end":{"line":143,"column":29},"skip":true},"40":{"start":{"line":144,"column":16},"end":{"line":144,"column":55},"skip":true},"41":{"start":{"line":147,"column":8},"end":{"line":156,"column":10},"skip":true},"42":{"start":{"line":154,"column":12},"end":{"line":154,"column":25},"skip":true},"43":{"start":{"line":155,"column":12},"end":{"line":155,"column":45},"skip":true},"44":{"start":{"line":158,"column":8},"end":{"line":167,"column":10},"skip":true},"45":{"start":{"line":165,"column":12},"end":{"line":165,"column":25},"skip":true},"46":{"start":{"line":166,"column":12},"end":{"line":166,"column":48},"skip":true},"47":{"start":{"line":169,"column":8},"end":{"line":178,"column":10},"skip":true},"48":{"start":{"line":176,"column":12},"end":{"line":176,"column":25},"skip":true},"49":{"start":{"line":177,"column":12},"end":{"line":177,"column":46},"skip":true},"50":{"start":{"line":180,"column":8},"end":{"line":189,"column":10},"skip":true},"51":{"start":{"line":187,"column":12},"end":{"line":187,"column":94},"skip":true},"52":{"start":{"line":188,"column":12},"end":{"line":188,"column":48},"skip":true},"53":{"start":{"line":192,"column":8},"end":{"line":192,"column":35},"skip":true},"54":{"start":{"line":193,"column":8},"end":{"line":193,"column":14},"skip":true}},"branchMap":{"1":{"line":25,"type":"binary-expr","locations":[{"start":{"line":25,"column":23},"end":{"line":25,"column":62}},{"start":{"line":26,"column":20},"end":{"line":26,"column":70}},{"start":{"line":27,"column":20},"end":{"line":27,"column":71}},{"start":{"line":28,"column":20},"end":{"line":28,"column":29}}]},"2":{"line":30,"type":"binary-expr","locations":[{"start":{"line":30,"column":23},"end":{"line":30,"column":37}},{"start":{"line":31,"column":20},"end":{"line":31,"column":61}},{"start":{"line":32,"column":20},"end":{"line":32,"column":70}},{"start":{"line":33,"column":20},"end":{"line":33,"column":26}}]},"3":{"line":37,"type":"cond-expr","locations":[{"start":{"line":38,"column":14},"end":{"line":38,"column":20}},{"start":{"line":39,"column":14},"end":{"line":39,"column":20}}]},"4":{"line":40,"type":"switch","locations":[{"start":{"line":42,"column":8},"end":{"line":47,"column":18}},{"start":{"line":49,"column":8},"end":{"line":52,"column":18}}]},"5":{"line":44,"type":"binary-expr","locations":[{"start":{"line":44,"column":16},"end":{"line":44,"column":44}},{"start":{"line":44,"column":48},"end":{"line":44,"column":66}}]},"6":{"line":50,"type":"binary-expr","locations":[{"start":{"line":50,"column":21},"end":{"line":50,"column":49}},{"start":{"line":50,"column":53},"end":{"line":50,"column":72}}]},"7":{"line":64,"type":"switch","locations":[{"start":{"line":69,"column":4},"end":{"line":70,"column":14}},{"start":{"line":75,"column":4},"end":{"line":76,"column":14}}]},"8":{"line":85,"type":"switch","locations":[{"start":{"line":90,"column":4},"end":{"line":105,"column":14}},{"start":{"line":111,"column":4},"end":{"line":193,"column":14},"skip":true}]},"9":{"line":91,"type":"binary-expr","locations":[{"start":{"line":91,"column":42},"end":{"line":91,"column":73}},{"start":{"line":91,"column":77},"end":{"line":99,"column":9}}]},"10":{"line":102,"type":"binary-expr","locations":[{"start":{"line":102,"column":18},"end":{"line":102,"column":32}},{"start":{"line":103,"column":12},"end":{"line":103,"column":53}},{"start":{"line":104,"column":12},"end":{"line":104,"column":61}}]},"11":{"line":112,"type":"binary-expr","locations":[{"start":{"line":112,"column":45},"end":{"line":112,"column":79},"skip":true},{"start":{"line":112,"column":83},"end":{"line":121,"column":9},"skip":true}]},"12":{"line":123,"type":"binary-expr","locations":[{"start":{"line":123,"column":42},"end":{"line":123,"column":73},"skip":true},{"start":{"line":123,"column":77},"end":{"line":136,"column":9},"skip":true}]},"13":{"line":138,"type":"binary-expr","locations":[{"start":{"line":138,"column":48},"end":{"line":138,"column":85},"skip":true},{"start":{"line":139,"column":12},"end":{"line":145,"column":13},"skip":true}]},"14":{"line":147,"type":"binary-expr","locations":[{"start":{"line":147,"column":42},"end":{"line":147,"column":73},"skip":true},{"start":{"line":147,"column":77},"end":{"line":156,"column":9},"skip":true}]},"15":{"line":158,"type":"binary-expr","locations":[{"start":{"line":158,"column":45},"end":{"line":158,"column":79},"skip":true},{"start":{"line":158,"column":83},"end":{"line":167,"column":9},"skip":true}]},"16":{"line":169,"type":"binary-expr","locations":[{"start":{"line":169,"column":43},"end":{"line":169,"column":75},"skip":true},{"start":{"line":169,"column":79},"end":{"line":178,"column":9},"skip":true}]},"17":{"line":180,"type":"binary-expr","locations":[{"start":{"line":180,"column":41},"end":{"line":180,"column":71},"skip":true},{"start":{"line":180,"column":75},"end":{"line":189,"column":9},"skip":true}]}},"code":["/* istanbul instrument in package npmtest_flex_combo */","/*jslint","    bitwise: true,","    browser: true,","    maxerr: 8,","    maxlen: 96,","    node: true,","    nomen: true,","    regexp: true,","    stupid: true","*/","(function () {","    'use strict';","    var local;","","","","    // run shared js-env code - pre-init","    (function () {","        // init local","        local = {};","        // init modeJs","        local.modeJs = (function () {","            try {","                return typeof navigator.userAgent === 'string' &&","                    typeof document.querySelector('body') === 'object' &&","                    typeof XMLHttpRequest.prototype.open === 'function' &&","                    'browser';","            } catch (errorCaughtBrowser) {","                return module.exports &&","                    typeof process.versions.node === 'string' &&","                    typeof require('http').createServer === 'function' &&","                    'node';","            }","        }());","        // init global","        local.global = local.modeJs === 'browser'","            ? window","            : global;","        switch (local.modeJs) {","        // re-init local from window.local","        case 'browser':","            local = local.global.utility2.objectSetDefault(","                local.global.utility2_rollup || local.global.local,","                local.global.utility2","            );","            break;","        // re-init local from example.js","        case 'node':","            local = (local.global.utility2_rollup || require('utility2'))","                .requireExampleJsFromReadme();","            break;","        }","        // export local","        local.global.local = local;","    }());","","","","    // run shared js-env code - function","    (function () {","        return;","    }());","    switch (local.modeJs) {","","","","    // run browser js-env code - function","    case 'browser':","        break;","","","","    // run node js-env code - function","    case 'node':","        break;","    }","","","","    // run shared js-env code - post-init","    (function () {","        return;","    }());","    switch (local.modeJs) {","","","","    // run browser js-env code - post-init","    case 'browser':","        local.testCase_browser_nullCase = local.testCase_browser_nullCase || function (","            options,","            onError","        ) {","        /*","         * this function will test browsers's null-case handling-behavior-behavior","         */","            onError(null, options);","        };","","        // run tests","        local.nop(local.modeTest &&","            document.querySelector('#testRunButton1') &&","            document.querySelector('#testRunButton1').click());","        break;","","","","    // run node js-env code - post-init","    /* istanbul ignore next */","    case 'node':","        local.testCase_buildApidoc_default = local.testCase_buildApidoc_default || function (","            options,","            onError","        ) {","        /*","         * this function will test buildApidoc's default handling-behavior-behavior","         */","            options = { modulePathList: module.paths };","            local.buildApidoc(options, onError);","        };","","        local.testCase_buildApp_default = local.testCase_buildApp_default || function (","            options,","            onError","        ) {","        /*","         * this function will test buildApp's default handling-behavior-behavior","         */","            local.testCase_buildReadme_default(options, local.onErrorThrow);","            local.testCase_buildLib_default(options, local.onErrorThrow);","            local.testCase_buildTest_default(options, local.onErrorThrow);","            local.testCase_buildCustomOrg_default(options, local.onErrorThrow);","            options = [];","            local.buildApp(options, onError);","        };","","        local.testCase_buildCustomOrg_default = local.testCase_buildCustomOrg_default ||","            function (options, onError) {","            /*","             * this function will test buildCustomOrg's default handling-behavior","             */","                options = {};","                local.buildCustomOrg(options, onError);","            };","","        local.testCase_buildLib_default = local.testCase_buildLib_default || function (","            options,","            onError","        ) {","        /*","         * this function will test buildLib's default handling-behavior","         */","            options = {};","            local.buildLib(options, onError);","        };","","        local.testCase_buildReadme_default = local.testCase_buildReadme_default || function (","            options,","            onError","        ) {","        /*","         * this function will test buildReadme's default handling-behavior-behavior","         */","            options = {};","            local.buildReadme(options, onError);","        };","","        local.testCase_buildTest_default = local.testCase_buildTest_default || function (","            options,","            onError","        ) {","        /*","         * this function will test buildTest's default handling-behavior","         */","            options = {};","            local.buildTest(options, onError);","        };","","        local.testCase_webpage_default = local.testCase_webpage_default || function (","            options,","            onError","        ) {","        /*","         * this function will test webpage's default handling-behavior","         */","            options = { modeCoverageMerge: true, url: local.serverLocalHost + '?modeTest=1' };","            local.browserTest(options, onError);","        };","","        // run test-server","        local.testRunServer(local);","        break;","    }","}());",""],"l":{"12":2,"14":2,"19":2,"21":2,"23":2,"24":2,"25":2,"30":1,"37":2,"40":2,"43":1,"47":1,"50":1,"52":1,"55":2,"61":2,"62":2,"64":2,"70":1,"76":1,"82":2,"83":2,"85":2,"91":1,"98":1,"102":1,"105":1,"112":1,"119":1,"120":1,"123":1,"130":1,"131":1,"132":1,"133":1,"134":1,"135":1,"138":1,"143":2,"144":2,"147":1,"154":2,"155":2,"158":1,"165":2,"166":2,"169":1,"176":2,"177":2,"180":1,"187":1,"188":1,"192":1,"193":1}},"/home/travis/build/npmtest/node-npmtest-flex-combo/lib.npmtest_flex_combo.js":{"path":"/home/travis/build/npmtest/node-npmtest-flex-combo/lib.npmtest_flex_combo.js","s":{"1":2,"2":2,"3":2,"4":2,"5":2,"6":2,"7":2,"8":1,"9":2,"10":2,"11":2,"12":2,"13":1,"14":1,"15":1,"16":1},"b":{"1":[2,1,1,1],"2":[1,1,1,1],"3":[1,1],"4":[2,2],"5":[1,1]},"f":{"1":2,"2":2,"3":2},"fnMap":{"1":{"name":"(anonymous_1)","line":12,"loc":{"start":{"line":12,"column":1},"end":{"line":12,"column":13}}},"2":{"name":"(anonymous_2)","line":19,"loc":{"start":{"line":19,"column":5},"end":{"line":19,"column":17}}},"3":{"name":"(anonymous_3)","line":23,"loc":{"start":{"line":23,"column":24},"end":{"line":23,"column":36}}}},"statementMap":{"1":{"start":{"line":12,"column":0},"end":{"line":53,"column":5}},"2":{"start":{"line":14,"column":4},"end":{"line":14,"column":14}},"3":{"start":{"line":19,"column":4},"end":{"line":52,"column":9}},"4":{"start":{"line":21,"column":8},"end":{"line":21,"column":19}},"5":{"start":{"line":23,"column":8},"end":{"line":35,"column":13}},"6":{"start":{"line":24,"column":12},"end":{"line":34,"column":13}},"7":{"start":{"line":25,"column":16},"end":{"line":28,"column":30}},"8":{"start":{"line":30,"column":16},"end":{"line":33,"column":27}},"9":{"start":{"line":37,"column":8},"end":{"line":39,"column":21}},"10":{"start":{"line":41,"column":8},"end":{"line":41,"column":54}},"11":{"start":{"line":43,"column":8},"end":{"line":43,"column":55}},"12":{"start":{"line":45,"column":8},"end":{"line":51,"column":9}},"13":{"start":{"line":46,"column":12},"end":{"line":46,"column":61}},"14":{"start":{"line":48,"column":12},"end":{"line":48,"column":35}},"15":{"start":{"line":49,"column":12},"end":{"line":49,"column":49}},"16":{"start":{"line":50,"column":12},"end":{"line":50,"column":43}}},"branchMap":{"1":{"line":25,"type":"binary-expr","locations":[{"start":{"line":25,"column":23},"end":{"line":25,"column":62}},{"start":{"line":26,"column":20},"end":{"line":26,"column":70}},{"start":{"line":27,"column":20},"end":{"line":27,"column":71}},{"start":{"line":28,"column":20},"end":{"line":28,"column":29}}]},"2":{"line":30,"type":"binary-expr","locations":[{"start":{"line":30,"column":23},"end":{"line":30,"column":37}},{"start":{"line":31,"column":20},"end":{"line":31,"column":61}},{"start":{"line":32,"column":20},"end":{"line":32,"column":70}},{"start":{"line":33,"column":20},"end":{"line":33,"column":26}}]},"3":{"line":37,"type":"cond-expr","locations":[{"start":{"line":38,"column":14},"end":{"line":38,"column":20}},{"start":{"line":39,"column":14},"end":{"line":39,"column":20}}]},"4":{"line":41,"type":"binary-expr","locations":[{"start":{"line":41,"column":16},"end":{"line":41,"column":44}},{"start":{"line":41,"column":48},"end":{"line":41,"column":53}}]},"5":{"line":45,"type":"if","locations":[{"start":{"line":45,"column":8},"end":{"line":45,"column":8}},{"start":{"line":45,"column":8},"end":{"line":45,"column":8}}]}},"code":["/* istanbul instrument in package npmtest_flex_combo */","/*jslint","    bitwise: true,","    browser: true,","    maxerr: 8,","    maxlen: 96,","    node: true,","    nomen: true,","    regexp: true,","    stupid: true","*/","(function () {","    'use strict';","    var local;","","","","    // run shared js-env code - pre-init","    (function () {","        // init local","        local = {};","        // init modeJs","        local.modeJs = (function () {","            try {","                return typeof navigator.userAgent === 'string' &&","                    typeof document.querySelector('body') === 'object' &&","                    typeof XMLHttpRequest.prototype.open === 'function' &&","                    'browser';","            } catch (errorCaughtBrowser) {","                return module.exports &&","                    typeof process.versions.node === 'string' &&","                    typeof require('http').createServer === 'function' &&","                    'node';","            }","        }());","        // init global","        local.global = local.modeJs === 'browser'","            ? window","            : global;","        // init utility2_rollup","        local = local.global.utility2_rollup || local;","        // init lib","        local.local = local.npmtest_flex_combo = local;","        // init exports","        if (local.modeJs === 'browser') {","            local.global.utility2_npmtest_flex_combo = local;","        } else {","            module.exports = local;","            module.exports.__dirname = __dirname;","            module.exports.module = module;","        }","    }());","}());",""],"l":{"12":2,"14":2,"19":2,"21":2,"23":2,"24":2,"25":2,"30":1,"37":2,"41":2,"43":2,"45":2,"46":1,"48":1,"49":1,"50":1}},"/home/travis/build/npmtest/node-npmtest-flex-combo/example.js":{"path":"/home/travis/build/npmtest/node-npmtest-flex-combo/example.js","s":{"1":2,"2":2,"3":2,"4":2,"5":2,"6":2,"7":2,"8":1,"9":2,"10":2,"11":2,"12":2,"13":1,"14":2,"15":2,"16":2,"17":2,"18":2,"19":0,"20":2,"21":1,"22":1,"23":1,"24":1,"25":1,"26":0,"27":0,"28":1,"29":1,"30":2,"31":0,"32":0,"33":0,"34":1,"35":2,"36":2,"37":3,"38":3,"39":3,"40":3,"41":0,"42":3,"43":3,"44":3,"45":1,"46":3,"47":1,"48":1,"49":1,"50":1,"51":1,"52":1,"53":1,"54":1,"55":1,"56":1,"57":0,"58":1,"59":6,"60":6,"61":1,"62":2,"63":0,"64":2,"65":1,"66":1,"67":0,"68":0,"69":0,"70":0,"71":0,"72":0,"73":0,"74":0,"75":0,"76":0,"77":0,"78":0,"79":0,"80":0,"81":0,"82":0,"83":0},"b":{"1":[2,1,1,1],"2":[1,1,1,1],"3":[1,1],"4":[2,2],"5":[1,1],"6":[1,1],"7":[2,0],"8":[2,1,1,1,1,1],"9":[0,2,0],"10":[1,1],"11":[2,1,1],"12":[1,0],"13":[0,2],"14":[2,0,0,0,0,0,0],"15":[0,3],"16":[3,0],"17":[1,1],"18":[0,1],"19":[1,2,0,2],"20":[1,0],"21":[1,1],"22":[0,0],"23":[0,0],"24":[0,0],"25":[0,0],"26":[0,0],"27":[0,0],"28":[0,0]},"f":{"1":2,"2":2,"3":2,"4":2,"5":2,"6":2,"7":3,"8":3,"9":3,"10":1,"11":6,"12":0},"fnMap":{"1":{"name":"(anonymous_1)","line":26,"loc":{"start":{"line":26,"column":1},"end":{"line":26,"column":13}}},"2":{"name":"(anonymous_2)","line":33,"loc":{"start":{"line":33,"column":5},"end":{"line":33,"column":17}}},"3":{"name":"(anonymous_3)","line":37,"loc":{"start":{"line":37,"column":24},"end":{"line":37,"column":36}}},"4":{"name":"(anonymous_4)","line":69,"loc":{"start":{"line":69,"column":31},"end":{"line":69,"column":48}},"skip":true},"5":{"name":"(anonymous_5)","line":78,"loc":{"start":{"line":78,"column":26},"end":{"line":78,"column":45}},"skip":true},"6":{"name":"(anonymous_6)","line":123,"loc":{"start":{"line":123,"column":33},"end":{"line":123,"column":48}},"skip":true},"7":{"name":"(anonymous_7)","line":125,"loc":{"start":{"line":125,"column":27},"end":{"line":125,"column":39}},"skip":true},"8":{"name":"(anonymous_8)","line":133,"loc":{"start":{"line":133,"column":59},"end":{"line":133,"column":74}},"skip":true},"9":{"name":"(anonymous_9)","line":143,"loc":{"start":{"line":143,"column":45},"end":{"line":143,"column":62}},"skip":true},"10":{"name":"(anonymous_10)","line":144,"loc":{"start":{"line":144,"column":73},"end":{"line":144,"column":92}},"skip":true},"11":{"name":"(anonymous_11)","line":272,"loc":{"start":{"line":272,"column":51},"end":{"line":272,"column":77}},"skip":true},"12":{"name":"(anonymous_12)","line":315,"loc":{"start":{"line":315,"column":32},"end":{"line":315,"column":61}},"skip":true}},"statementMap":{"1":{"start":{"line":26,"column":0},"end":{"line":326,"column":5}},"2":{"start":{"line":28,"column":4},"end":{"line":28,"column":14}},"3":{"start":{"line":33,"column":4},"end":{"line":60,"column":9}},"4":{"start":{"line":35,"column":8},"end":{"line":35,"column":19}},"5":{"start":{"line":37,"column":8},"end":{"line":49,"column":13}},"6":{"start":{"line":38,"column":12},"end":{"line":48,"column":13}},"7":{"start":{"line":39,"column":16},"end":{"line":42,"column":30}},"8":{"start":{"line":44,"column":16},"end":{"line":47,"column":27}},"9":{"start":{"line":51,"column":8},"end":{"line":53,"column":21}},"10":{"start":{"line":55,"column":8},"end":{"line":57,"column":45}},"11":{"start":{"line":59,"column":8},"end":{"line":59,"column":35}},"12":{"start":{"line":61,"column":4},"end":{"line":325,"column":5}},"13":{"start":{"line":69,"column":8},"end":{"line":121,"column":10},"skip":true},"14":{"start":{"line":70,"column":12},"end":{"line":88,"column":13},"skip":true},"15":{"start":{"line":76,"column":16},"end":{"line":87,"column":19},"skip":true},"16":{"start":{"line":79,"column":20},"end":{"line":86,"column":21},"skip":true},"17":{"start":{"line":82,"column":24},"end":{"line":82,"column":43},"skip":true},"18":{"start":{"line":83,"column":24},"end":{"line":83,"column":30},"skip":true},"19":{"start":{"line":85,"column":24},"end":{"line":85,"column":49},"skip":true},"20":{"start":{"line":89,"column":12},"end":{"line":107,"column":13},"skip":true},"21":{"start":{"line":92,"column":16},"end":{"line":102,"column":17},"skip":true},"22":{"start":{"line":93,"column":20},"end":{"line":93,"column":86},"skip":true},"23":{"start":{"line":94,"column":20},"end":{"line":95,"column":45},"skip":true},"24":{"start":{"line":96,"column":20},"end":{"line":96,"column":42},"skip":true},"25":{"start":{"line":97,"column":20},"end":{"line":97,"column":48},"skip":true},"26":{"start":{"line":100,"column":20},"end":{"line":100,"column":85},"skip":true},"27":{"start":{"line":101,"column":20},"end":{"line":101,"column":96},"skip":true},"28":{"start":{"line":103,"column":16},"end":{"line":103,"column":22},"skip":true},"29":{"start":{"line":106,"column":16},"end":{"line":106,"column":22},"skip":true},"30":{"start":{"line":108,"column":12},"end":{"line":120,"column":13},"skip":true},"31":{"start":{"line":114,"column":16},"end":{"line":119,"column":17},"skip":true},"32":{"start":{"line":116,"column":20},"end":{"line":116,"column":78},"skip":true},"33":{"start":{"line":118,"column":20},"end":{"line":118,"column":47},"skip":true},"34":{"start":{"line":123,"column":8},"end":{"line":141,"column":11},"skip":true},"35":{"start":{"line":124,"column":12},"end":{"line":124,"column":54},"skip":true},"36":{"start":{"line":125,"column":12},"end":{"line":140,"column":14},"skip":true},"37":{"start":{"line":126,"column":16},"end":{"line":126,"column":28},"skip":true},"38":{"start":{"line":127,"column":16},"end":{"line":127,"column":69},"skip":true},"39":{"start":{"line":128,"column":16},"end":{"line":128,"column":75},"skip":true},"40":{"start":{"line":129,"column":16},"end":{"line":131,"column":17},"skip":true},"41":{"start":{"line":130,"column":20},"end":{"line":130,"column":27},"skip":true},"42":{"start":{"line":133,"column":16},"end":{"line":137,"column":36},"skip":true},"43":{"start":{"line":134,"column":20},"end":{"line":136,"column":55},"skip":true},"44":{"start":{"line":139,"column":16},"end":{"line":139,"column":57},"skip":true},"45":{"start":{"line":143,"column":8},"end":{"line":147,"column":11},"skip":true},"46":{"start":{"line":144,"column":12},"end":{"line":146,"column":15},"skip":true},"47":{"start":{"line":145,"column":16},"end":{"line":145,"column":70},"skip":true},"48":{"start":{"line":149,"column":8},"end":{"line":149,"column":31},"skip":true},"49":{"start":{"line":150,"column":8},"end":{"line":150,"column":14},"skip":true},"50":{"start":{"line":158,"column":8},"end":{"line":158,"column":31},"skip":true},"51":{"start":{"line":160,"column":8},"end":{"line":160,"column":33},"skip":true},"52":{"start":{"line":161,"column":8},"end":{"line":161,"column":37},"skip":true},"53":{"start":{"line":162,"column":8},"end":{"line":162,"column":35},"skip":true},"54":{"start":{"line":164,"column":8},"end":{"line":164,"column":50},"skip":true},"55":{"start":{"line":166,"column":8},"end":{"line":256,"column":2},"skip":true},"56":{"start":{"line":258,"column":8},"end":{"line":286,"column":9},"skip":true},"57":{"start":{"line":259,"column":12},"end":{"line":269,"column":14},"skip":true},"58":{"start":{"line":271,"column":12},"end":{"line":285,"column":19},"skip":true},"59":{"start":{"line":274,"column":20},"end":{"line":274,"column":35},"skip":true},"60":{"start":{"line":275,"column":20},"end":{"line":284,"column":21},"skip":true},"61":{"start":{"line":277,"column":24},"end":{"line":277,"column":64},"skip":true},"62":{"start":{"line":279,"column":24},"end":{"line":279,"column":40},"skip":true},"63":{"start":{"line":281,"column":24},"end":{"line":281,"column":40},"skip":true},"64":{"start":{"line":283,"column":24},"end":{"line":283,"column":39},"skip":true},"65":{"start":{"line":288,"column":8},"end":{"line":290,"column":9},"skip":true},"66":{"start":{"line":289,"column":12},"end":{"line":289,"column":18},"skip":true},"67":{"start":{"line":291,"column":8},"end":{"line":293,"column":54},"skip":true},"68":{"start":{"line":296,"column":8},"end":{"line":301,"column":37},"skip":true},"69":{"start":{"line":303,"column":8},"end":{"line":303,"column":82},"skip":true},"70":{"start":{"line":306,"column":8},"end":{"line":308,"column":9},"skip":true},"71":{"start":{"line":307,"column":12},"end":{"line":307,"column":82},"skip":true},"72":{"start":{"line":310,"column":8},"end":{"line":312,"column":9},"skip":true},"73":{"start":{"line":311,"column":12},"end":{"line":311,"column":18},"skip":true},"74":{"start":{"line":313,"column":8},"end":{"line":313,"column":54},"skip":true},"75":{"start":{"line":314,"column":8},"end":{"line":314,"column":69},"skip":true},"76":{"start":{"line":315,"column":8},"end":{"line":323,"column":36},"skip":true},"77":{"start":{"line":316,"column":12},"end":{"line":316,"column":61},"skip":true},"78":{"start":{"line":317,"column":12},"end":{"line":320,"column":13},"skip":true},"79":{"start":{"line":318,"column":16},"end":{"line":318,"column":75},"skip":true},"80":{"start":{"line":319,"column":16},"end":{"line":319,"column":23},"skip":true},"81":{"start":{"line":321,"column":12},"end":{"line":321,"column":38},"skip":true},"82":{"start":{"line":322,"column":12},"end":{"line":322,"column":27},"skip":true},"83":{"start":{"line":324,"column":8},"end":{"line":324,"column":14},"skip":true}},"branchMap":{"1":{"line":39,"type":"binary-expr","locations":[{"start":{"line":39,"column":23},"end":{"line":39,"column":62}},{"start":{"line":40,"column":20},"end":{"line":40,"column":70}},{"start":{"line":41,"column":20},"end":{"line":41,"column":71}},{"start":{"line":42,"column":20},"end":{"line":42,"column":29}}]},"2":{"line":44,"type":"binary-expr","locations":[{"start":{"line":44,"column":23},"end":{"line":44,"column":37}},{"start":{"line":45,"column":20},"end":{"line":45,"column":61}},{"start":{"line":46,"column":20},"end":{"line":46,"column":70}},{"start":{"line":47,"column":20},"end":{"line":47,"column":26}}]},"3":{"line":51,"type":"cond-expr","locations":[{"start":{"line":52,"column":14},"end":{"line":52,"column":20}},{"start":{"line":53,"column":14},"end":{"line":53,"column":20}}]},"4":{"line":55,"type":"binary-expr","locations":[{"start":{"line":55,"column":16},"end":{"line":55,"column":44}},{"start":{"line":55,"column":49},"end":{"line":57,"column":43}}]},"5":{"line":55,"type":"cond-expr","locations":[{"start":{"line":56,"column":14},"end":{"line":56,"column":54}},{"start":{"line":57,"column":14},"end":{"line":57,"column":43}}]},"6":{"line":61,"type":"switch","locations":[{"start":{"line":68,"column":4},"end":{"line":150,"column":14},"skip":true},{"start":{"line":156,"column":4},"end":{"line":324,"column":14},"skip":true}]},"7":{"line":70,"type":"if","locations":[{"start":{"line":70,"column":12},"end":{"line":70,"column":12},"skip":true},{"start":{"line":70,"column":12},"end":{"line":70,"column":12},"skip":true}]},"8":{"line":70,"type":"binary-expr","locations":[{"start":{"line":70,"column":16},"end":{"line":70,"column":22},"skip":true},{"start":{"line":70,"column":27},"end":{"line":70,"column":32},"skip":true},{"start":{"line":71,"column":20},"end":{"line":71,"column":39},"skip":true},{"start":{"line":72,"column":20},"end":{"line":72,"column":49},"skip":true},{"start":{"line":73,"column":20},"end":{"line":73,"column":58},"skip":true},{"start":{"line":74,"column":20},"end":{"line":74,"column":69},"skip":true}]},"9":{"line":79,"type":"switch","locations":[{"start":{"line":80,"column":20},"end":{"line":80,"column":33},"skip":true},{"start":{"line":81,"column":20},"end":{"line":83,"column":30},"skip":true},{"start":{"line":84,"column":20},"end":{"line":85,"column":49},"skip":true}]},"10":{"line":89,"type":"switch","locations":[{"start":{"line":90,"column":12},"end":{"line":103,"column":22},"skip":true},{"start":{"line":105,"column":12},"end":{"line":106,"column":22},"skip":true}]},"11":{"line":89,"type":"binary-expr","locations":[{"start":{"line":89,"column":20},"end":{"line":89,"column":25},"skip":true},{"start":{"line":89,"column":29},"end":{"line":89,"column":48},"skip":true},{"start":{"line":89,"column":52},"end":{"line":89,"column":74},"skip":true}]},"12":{"line":92,"type":"if","locations":[{"start":{"line":92,"column":16},"end":{"line":92,"column":16},"skip":true},{"start":{"line":92,"column":16},"end":{"line":92,"column":16},"skip":true}]},"13":{"line":108,"type":"if","locations":[{"start":{"line":108,"column":12},"end":{"line":108,"column":12},"skip":true},{"start":{"line":108,"column":12},"end":{"line":108,"column":12},"skip":true}]},"14":{"line":108,"type":"binary-expr","locations":[{"start":{"line":108,"column":16},"end":{"line":108,"column":61},"skip":true},{"start":{"line":108,"column":66},"end":{"line":108,"column":72},"skip":true},{"start":{"line":108,"column":77},"end":{"line":108,"column":82},"skip":true},{"start":{"line":109,"column":20},"end":{"line":109,"column":39},"skip":true},{"start":{"line":110,"column":20},"end":{"line":110,"column":49},"skip":true},{"start":{"line":111,"column":20},"end":{"line":111,"column":58},"skip":true},{"start":{"line":112,"column":20},"end":{"line":112,"column":68},"skip":true}]},"15":{"line":129,"type":"if","locations":[{"start":{"line":129,"column":16},"end":{"line":129,"column":16},"skip":true},{"start":{"line":129,"column":16},"end":{"line":129,"column":16},"skip":true}]},"16":{"line":134,"type":"cond-expr","locations":[{"start":{"line":135,"column":26},"end":{"line":135,"column":29},"skip":true},{"start":{"line":136,"column":26},"end":{"line":136,"column":54},"skip":true}]},"17":{"line":164,"type":"binary-expr","locations":[{"start":{"line":164,"column":27},"end":{"line":164,"column":43},"skip":true},{"start":{"line":164,"column":47},"end":{"line":164,"column":49},"skip":true}]},"18":{"line":258,"type":"if","locations":[{"start":{"line":258,"column":8},"end":{"line":258,"column":8},"skip":true},{"start":{"line":258,"column":8},"end":{"line":258,"column":8},"skip":true}]},"19":{"line":275,"type":"switch","locations":[{"start":{"line":276,"column":20},"end":{"line":277,"column":64},"skip":true},{"start":{"line":278,"column":20},"end":{"line":279,"column":40},"skip":true},{"start":{"line":280,"column":20},"end":{"line":281,"column":40},"skip":true},{"start":{"line":282,"column":20},"end":{"line":283,"column":39},"skip":true}]},"20":{"line":288,"type":"if","locations":[{"start":{"line":288,"column":8},"end":{"line":288,"column":8},"skip":true},{"start":{"line":288,"column":8},"end":{"line":288,"column":8},"skip":true}]},"21":{"line":288,"type":"binary-expr","locations":[{"start":{"line":288,"column":12},"end":{"line":288,"column":40},"skip":true},{"start":{"line":288,"column":44},"end":{"line":288,"column":67},"skip":true}]},"22":{"line":292,"type":"binary-expr","locations":[{"start":{"line":292,"column":12},"end":{"line":292,"column":50},"skip":true},{"start":{"line":293,"column":12},"end":{"line":293,"column":53},"skip":true}]},"23":{"line":297,"type":"binary-expr","locations":[{"start":{"line":297,"column":12},"end":{"line":297,"column":68},"skip":true},{"start":{"line":298,"column":12},"end":{"line":301,"column":36},"skip":true}]},"24":{"line":303,"type":"binary-expr","locations":[{"start":{"line":303,"column":43},"end":{"line":303,"column":75},"skip":true},{"start":{"line":303,"column":79},"end":{"line":303,"column":81},"skip":true}]},"25":{"line":306,"type":"if","locations":[{"start":{"line":306,"column":8},"end":{"line":306,"column":8},"skip":true},{"start":{"line":306,"column":8},"end":{"line":306,"column":8},"skip":true}]},"26":{"line":310,"type":"if","locations":[{"start":{"line":310,"column":8},"end":{"line":310,"column":8},"skip":true},{"start":{"line":310,"column":8},"end":{"line":310,"column":8},"skip":true}]},"27":{"line":313,"type":"binary-expr","locations":[{"start":{"line":313,"column":27},"end":{"line":313,"column":43},"skip":true},{"start":{"line":313,"column":47},"end":{"line":313,"column":53},"skip":true}]},"28":{"line":317,"type":"if","locations":[{"start":{"line":317,"column":12},"end":{"line":317,"column":12},"skip":true},{"start":{"line":317,"column":12},"end":{"line":317,"column":12},"skip":true}]}},"code":["/*","example.js","","quickstart example","","instruction","    1. save this script as example.js","    2. run the shell command:","        $ npm install npmtest-flex-combo && PORT=8081 node example.js","    3. play with the browser-demo on http://127.0.0.1:8081","*/","","","","/* istanbul instrument in package npmtest_flex_combo */","/*jslint","    bitwise: true,","    browser: true,","    maxerr: 8,","    maxlen: 96,","    node: true,","    nomen: true,","    regexp: true,","    stupid: true","*/","(function () {","    'use strict';","    var local;","","","","    // run shared js-env code - pre-init","    (function () {","        // init local","        local = {};","        // init modeJs","        local.modeJs = (function () {","            try {","                return typeof navigator.userAgent === 'string' &&","                    typeof document.querySelector('body') === 'object' &&","                    typeof XMLHttpRequest.prototype.open === 'function' &&","                    'browser';","            } catch (errorCaughtBrowser) {","                return module.exports &&","                    typeof process.versions.node === 'string' &&","                    typeof require('http').createServer === 'function' &&","                    'node';","            }","        }());","        // init global","        local.global = local.modeJs === 'browser'","            ? window","            : global;","        // init utility2_rollup","        local = local.global.utility2_rollup || (local.modeJs === 'browser'","            ? local.global.utility2_npmtest_flex_combo","            : global.utility2_moduleExports);","        // export local","        local.global.local = local;","    }());","    switch (local.modeJs) {","","","","    // post-init","    // run browser js-env code - post-init","    /* istanbul ignore next */","    case 'browser':","        local.testRunBrowser = function (event) {","            if (!event || (event &&","                    event.currentTarget &&","                    event.currentTarget.className &&","                    event.currentTarget.className.includes &&","                    event.currentTarget.className.includes('onreset'))) {","                // reset output","                Array.from(","                    document.querySelectorAll('body > .resettable')","                ).forEach(function (element) {","                    switch (element.tagName) {","                    case 'INPUT':","                    case 'TEXTAREA':","                        element.value = '';","                        break;","                    default:","                        element.textContent = '';","                    }","                });","            }","            switch (event && event.currentTarget && event.currentTarget.id) {","            case 'testRunButton1':","                // show tests","                if (document.querySelector('#testReportDiv1').style.display === 'none') {","                    document.querySelector('#testReportDiv1').style.display = 'block';","                    document.querySelector('#testRunButton1').textContent =","                        'hide internal test';","                    local.modeTest = true;","                    local.testRunDefault(local);","                // hide tests","                } else {","                    document.querySelector('#testReportDiv1').style.display = 'none';","                    document.querySelector('#testRunButton1').textContent = 'run internal test';","                }","                break;","            // custom-case","            default:","                break;","            }","            if (document.querySelector('#inputTextareaEval1') && (!event || (event &&","                    event.currentTarget &&","                    event.currentTarget.className &&","                    event.currentTarget.className.includes &&","                    event.currentTarget.className.includes('oneval')))) {","                // try to eval input-code","                try {","                    /*jslint evil: true*/","                    eval(document.querySelector('#inputTextareaEval1').value);","                } catch (errorCaught) {","                    console.error(errorCaught);","                }","            }","        };","        // log stderr and stdout to #outputTextareaStdout1","        ['error', 'log'].forEach(function (key) {","            console[key + '_original'] = console[key];","            console[key] = function () {","                var element;","                console[key + '_original'].apply(console, arguments);","                element = document.querySelector('#outputTextareaStdout1');","                if (!element) {","                    return;","                }","                // append text to #outputTextareaStdout1","                element.value += Array.from(arguments).map(function (arg) {","                    return typeof arg === 'string'","                        ? arg","                        : JSON.stringify(arg, null, 4);","                }).join(' ') + '\\n';","                // scroll textarea to bottom","                element.scrollTop = element.scrollHeight;","            };","        });","        // init event-handling","        ['change', 'click', 'keyup'].forEach(function (event) {","            Array.from(document.querySelectorAll('.on' + event)).forEach(function (element) {","                element.addEventListener(event, local.testRunBrowser);","            });","        });","        // run tests","        local.testRunBrowser();","        break;","","","","    // run node js-env code - post-init","    /* istanbul ignore next */","    case 'node':","        // export local","        module.exports = local;","        // require modules","        local.fs = require('fs');","        local.http = require('http');","        local.url = require('url');","        // init assets","        local.assetsDict = local.assetsDict || {};","        /* jslint-ignore-begin */","        local.assetsDict['/assets.index.template.html'] = '\\","<!doctype html>\\n\\","<html lang=\"en\">\\n\\","<head>\\n\\","<meta charset=\"UTF-8\">\\n\\","<meta name=\"viewport\" content=\"width=device-width, initial-scale=1\">\\n\\","<title>{{env.npm_package_name}} (v{{env.npm_package_version}})</title>\\n\\","<style>\\n\\","/*csslint\\n\\","    box-sizing: false,\\n\\","    universal-selector: false\\n\\","*/\\n\\","* {\\n\\","    box-sizing: border-box;\\n\\","}\\n\\","body {\\n\\","    background: #dde;\\n\\","    font-family: Arial, Helvetica, sans-serif;\\n\\","    margin: 2rem;\\n\\","}\\n\\","body > * {\\n\\","    margin-bottom: 1rem;\\n\\","}\\n\\",".utility2FooterDiv {\\n\\","    margin-top: 20px;\\n\\","    text-align: center;\\n\\","}\\n\\","</style>\\n\\","<style>\\n\\","/*csslint\\n\\","*/\\n\\","textarea {\\n\\","    font-family: monospace;\\n\\","    height: 10rem;\\n\\","    width: 100%;\\n\\","}\\n\\","textarea[readonly] {\\n\\","    background: #ddd;\\n\\","}\\n\\","</style>\\n\\","</head>\\n\\","<body>\\n\\","<!-- utility2-comment\\n\\","<div id=\"ajaxProgressDiv1\" style=\"background: #d00; height: 2px; left: 0; margin: 0; padding: 0; position: fixed; top: 0; transition: background 0.5s, width 1.5s; width: 25%;\"></div>\\n\\","utility2-comment -->\\n\\","<h1>\\n\\","<!-- utility2-comment\\n\\","    <a\\n\\","        {{#if env.npm_package_homepage}}\\n\\","        href=\"{{env.npm_package_homepage}}\"\\n\\","        {{/if env.npm_package_homepage}}\\n\\","        target=\"_blank\"\\n\\","    >\\n\\","utility2-comment -->\\n\\","        {{env.npm_package_name}} (v{{env.npm_package_version}})\\n\\","<!-- utility2-comment\\n\\","    </a>\\n\\","utility2-comment -->\\n\\","</h1>\\n\\","<h3>{{env.npm_package_description}}</h3>\\n\\","<!-- utility2-comment\\n\\","<h4><a download href=\"assets.app.js\">download standalone app</a></h4>\\n\\","<button class=\"onclick onreset\" id=\"testRunButton1\">run internal test</button><br>\\n\\","<div id=\"testReportDiv1\" style=\"display: none;\"></div>\\n\\","utility2-comment -->\\n\\","\\n\\","\\n\\","\\n\\","<label>stderr and stdout</label>\\n\\","<textarea class=\"resettable\" id=\"outputTextareaStdout1\" readonly></textarea>\\n\\","<!-- utility2-comment\\n\\","{{#if isRollup}}\\n\\","<script src=\"assets.app.js\"></script>\\n\\","{{#unless isRollup}}\\n\\","utility2-comment -->\\n\\","<script src=\"assets.utility2.rollup.js\"></script>\\n\\","<script src=\"jsonp.utility2._stateInit?callback=window.utility2._stateInit\"></script>\\n\\","<script src=\"assets.npmtest_flex_combo.rollup.js\"></script>\\n\\","<script src=\"assets.example.js\"></script>\\n\\","<script src=\"assets.test.js\"></script>\\n\\","<!-- utility2-comment\\n\\","{{/if isRollup}}\\n\\","utility2-comment -->\\n\\","<div class=\"utility2FooterDiv\">\\n\\","    [ this app was created with\\n\\","    <a href=\"https://github.com/kaizhu256/node-utility2\" target=\"_blank\">utility2</a>\\n\\","    ]\\n\\","</div>\\n\\","</body>\\n\\","</html>\\n\\","';","        /* jslint-ignore-end */","        if (local.templateRender) {","            local.assetsDict['/'] = local.templateRender(","                local.assetsDict['/assets.index.template.html'],","                {","                    env: local.objectSetDefault(local.env, {","                        npm_package_description: 'the greatest app in the world!',","                        npm_package_name: 'my-app',","                        npm_package_nameAlias: 'my_app',","                        npm_package_version: '0.0.1'","                    })","                }","            );","        } else {","            local.assetsDict['/'] = local.assetsDict['/assets.index.template.html']","                .replace((/\\{\\{env\\.(\\w+?)\\}\\}/g), function (match0, match1) {","                    // jslint-hack","                    String(match0);","                    switch (match1) {","                    case 'npm_package_description':","                        return 'the greatest app in the world!';","                    case 'npm_package_name':","                        return 'my-app';","                    case 'npm_package_nameAlias':","                        return 'my_app';","                    case 'npm_package_version':","                        return '0.0.1';","                    }","                });","        }","        // run the cli","        if (local.global.utility2_rollup || module !== require.main) {","            break;","        }","        local.assetsDict['/assets.example.js'] =","            local.assetsDict['/assets.example.js'] ||","            local.fs.readFileSync(__filename, 'utf8');","        // bug-workaround - long $npm_package_buildCustomOrg","        /* jslint-ignore-begin */","        local.assetsDict['/assets.npmtest_flex_combo.rollup.js'] =","            local.assetsDict['/assets.npmtest_flex_combo.rollup.js'] ||","            local.fs.readFileSync(","                local.npmtest_flex_combo.__dirname + '/lib.npmtest_flex_combo.js',","                'utf8'","            ).replace((/^#!/), '//');","        /* jslint-ignore-end */","        local.assetsDict['/favicon.ico'] = local.assetsDict['/favicon.ico'] || '';","        // if $npm_config_timeout_exit exists,","        // then exit this process after $npm_config_timeout_exit ms","        if (Number(process.env.npm_config_timeout_exit)) {","            setTimeout(process.exit, Number(process.env.npm_config_timeout_exit));","        }","        // start server","        if (local.global.utility2_serverHttp1) {","            break;","        }","        process.env.PORT = process.env.PORT || '8081';","        console.error('server starting on port ' + process.env.PORT);","        local.http.createServer(function (request, response) {","            request.urlParsed = local.url.parse(request.url);","            if (local.assetsDict[request.urlParsed.pathname] !== undefined) {","                response.end(local.assetsDict[request.urlParsed.pathname]);","                return;","            }","            response.statusCode = 404;","            response.end();","        }).listen(process.env.PORT);","        break;","    }","}());",""],"l":{"26":2,"28":2,"33":2,"35":2,"37":2,"38":2,"39":2,"44":1,"51":2,"55":2,"59":2,"61":2,"69":1,"70":2,"76":2,"79":2,"82":2,"83":2,"85":1,"89":2,"92":1,"93":1,"94":1,"96":1,"97":1,"100":1,"101":1,"103":1,"106":1,"108":2,"114":1,"116":1,"118":1,"123":1,"124":2,"125":2,"126":3,"127":3,"128":3,"129":3,"130":1,"133":3,"134":3,"139":3,"143":1,"144":3,"145":1,"149":1,"150":1,"158":1,"160":1,"161":1,"162":1,"164":1,"166":1,"258":1,"259":1,"271":1,"274":6,"275":6,"277":1,"279":2,"281":1,"283":2,"288":1,"289":1,"291":1,"296":1,"303":1,"306":1,"307":1,"310":1,"311":1,"313":1,"314":1,"315":1,"316":1,"317":1,"318":1,"319":1,"321":1,"322":1,"324":1}},"/home/travis/build/npmtest/node-npmtest-flex-combo/node_modules/flex-combo/index.js":{"path":"/home/travis/build/npmtest/node-npmtest-flex-combo/node_modules/flex-combo/index.js","s":{"1":1,"2":1,"3":1,"4":1,"5":1,"6":1,"7":0,"8":0,"9":0,"10":0,"11":0,"12":0,"13":0,"14":0,"15":0,"16":1,"17":0,"18":0,"19":0,"20":0,"21":0,"22":0,"23":0,"24":1,"25":1,"26":1,"27":1,"28":1,"29":1,"30":1,"31":1,"32":0,"33":0,"34":0,"35":0,"36":0,"37":0,"38":0,"39":0,"40":0,"41":0,"42":0,"43":0,"44":1,"45":0,"46":0,"47":0,"48":0,"49":0,"50":0,"51":1,"52":0,"53":0,"54":0,"55":0,"56":0,"57":0,"58":0,"59":0,"60":0,"61":0,"62":0,"63":0,"64":0,"65":0,"66":0,"67":0,"68":0,"69":0,"70":0,"71":0,"72":0,"73":1},"b":{"1":[0,0],"2":[0,0],"3":[0,0],"4":[0,0],"5":[0,0],"6":[0,0],"7":[0,0],"8":[0,0],"9":[0,0],"10":[0,0],"11":[0,0,0],"12":[0,0],"13":[0,0],"14":[0,0],"15":[0,0]},"f":{"1":0,"2":0,"3":0,"4":0,"5":0,"6":0,"7":0,"8":0,"9":0,"10":0,"11":0},"fnMap":{"1":{"name":"(anonymous_1)","line":13,"loc":{"start":{"line":13,"column":18},"end":{"line":13,"column":32}}},"2":{"name":"(anonymous_2)","line":35,"loc":{"start":{"line":35,"column":17},"end":{"line":35,"column":34}}},"3":{"name":"(anonymous_3)","line":60,"loc":{"start":{"line":60,"column":17},"end":{"line":60,"column":45}}},"4":{"name":"(anonymous_4)","line":61,"loc":{"start":{"line":61,"column":23},"end":{"line":61,"column":39}}},"5":{"name":"(anonymous_5)","line":69,"loc":{"start":{"line":69,"column":9},"end":{"line":69,"column":35}}},"6":{"name":"(anonymous_6)","line":85,"loc":{"start":{"line":85,"column":21},"end":{"line":85,"column":47}}},"7":{"name":"(anonymous_7)","line":87,"loc":{"start":{"line":87,"column":22},"end":{"line":87,"column":49}}},"8":{"name":"(anonymous_8)","line":98,"loc":{"start":{"line":98,"column":46},"end":{"line":98,"column":74}}},"9":{"name":"(anonymous_9)","line":106,"loc":{"start":{"line":106,"column":18},"end":{"line":106,"column":34}}},"10":{"name":"(anonymous_10)","line":110,"loc":{"start":{"line":110,"column":21},"end":{"line":110,"column":46}}},"11":{"name":"(anonymous_11)","line":127,"loc":{"start":{"line":127,"column":29},"end":{"line":127,"column":45}}}},"statementMap":{"1":{"start":{"line":7,"column":0},"end":{"line":7,"column":32}},"2":{"start":{"line":8,"column":0},"end":{"line":8,"column":36}},"3":{"start":{"line":9,"column":0},"end":{"line":9,"column":27}},"4":{"start":{"line":10,"column":0},"end":{"line":10,"column":41}},"5":{"start":{"line":11,"column":0},"end":{"line":11,"column":49}},"6":{"start":{"line":13,"column":0},"end":{"line":33,"column":2}},"7":{"start":{"line":14,"column":2},"end":{"line":32,"column":3}},"8":{"start":{"line":15,"column":4},"end":{"line":15,"column":44}},"9":{"start":{"line":16,"column":4},"end":{"line":26,"column":5}},"10":{"start":{"line":17,"column":6},"end":{"line":22,"column":7}},"11":{"start":{"line":18,"column":8},"end":{"line":18,"column":23}},"12":{"start":{"line":21,"column":8},"end":{"line":21,"column":43}},"13":{"start":{"line":25,"column":6},"end":{"line":25,"column":56}},"14":{"start":{"line":28,"column":4},"end":{"line":28,"column":20}},"15":{"start":{"line":31,"column":4},"end":{"line":31,"column":14}},"16":{"start":{"line":35,"column":0},"end":{"line":50,"column":2}},"17":{"start":{"line":36,"column":2},"end":{"line":49,"column":3}},"18":{"start":{"line":37,"column":4},"end":{"line":37,"column":41}},"19":{"start":{"line":38,"column":4},"end":{"line":43,"column":5}},"20":{"start":{"line":39,"column":6},"end":{"line":39,"column":30}},"21":{"start":{"line":42,"column":6},"end":{"line":42,"column":78}},"22":{"start":{"line":45,"column":4},"end":{"line":45,"column":17}},"23":{"start":{"line":48,"column":4},"end":{"line":48,"column":14}},"24":{"start":{"line":52,"column":0},"end":{"line":52,"column":78}},"25":{"start":{"line":53,"column":0},"end":{"line":53,"column":67}},"26":{"start":{"line":54,"column":0},"end":{"line":54,"column":63}},"27":{"start":{"line":55,"column":0},"end":{"line":55,"column":69}},"28":{"start":{"line":56,"column":0},"end":{"line":56,"column":71}},"29":{"start":{"line":57,"column":0},"end":{"line":57,"column":54}},"30":{"start":{"line":58,"column":0},"end":{"line":58,"column":50}},"31":{"start":{"line":60,"column":0},"end":{"line":83,"column":2}},"32":{"start":{"line":61,"column":2},"end":{"line":64,"column":5}},"33":{"start":{"line":62,"column":4},"end":{"line":62,"column":71}},"34":{"start":{"line":63,"column":4},"end":{"line":63,"column":16}},"35":{"start":{"line":66,"column":2},"end":{"line":66,"column":38}},"36":{"start":{"line":67,"column":2},"end":{"line":67,"column":34}},"37":{"start":{"line":69,"column":2},"end":{"line":82,"column":3}},"38":{"start":{"line":70,"column":4},"end":{"line":81,"column":5}},"39":{"start":{"line":71,"column":6},"end":{"line":77,"column":7}},"40":{"start":{"line":72,"column":8},"end":{"line":72,"column":52}},"41":{"start":{"line":73,"column":8},"end":{"line":73,"column":38}},"42":{"start":{"line":76,"column":8},"end":{"line":76,"column":40}},"43":{"start":{"line":80,"column":6},"end":{"line":80,"column":21}},"44":{"start":{"line":85,"column":0},"end":{"line":96,"column":2}},"45":{"start":{"line":86,"column":2},"end":{"line":86,"column":36}},"46":{"start":{"line":87,"column":2},"end":{"line":95,"column":5}},"47":{"start":{"line":88,"column":4},"end":{"line":94,"column":5}},"48":{"start":{"line":89,"column":6},"end":{"line":89,"column":12}},"49":{"start":{"line":92,"column":6},"end":{"line":92,"column":22}},"50":{"start":{"line":93,"column":6},"end":{"line":93,"column":21}},"51":{"start":{"line":98,"column":0},"end":{"line":135,"column":2}},"52":{"start":{"line":99,"column":2},"end":{"line":99,"column":36}},"53":{"start":{"line":101,"column":2},"end":{"line":101,"column":38}},"54":{"start":{"line":102,"column":2},"end":{"line":102,"column":34}},"55":{"start":{"line":104,"column":2},"end":{"line":108,"column":7}},"56":{"start":{"line":107,"column":6},"end":{"line":107,"column":27}},"57":{"start":{"line":110,"column":2},"end":{"line":134,"column":5}},"58":{"start":{"line":111,"column":4},"end":{"line":111,"column":48}},"59":{"start":{"line":113,"column":4},"end":{"line":113,"column":20}},"60":{"start":{"line":115,"column":4},"end":{"line":119,"column":5}},"61":{"start":{"line":116,"column":6},"end":{"line":116,"column":35}},"62":{"start":{"line":117,"column":6},"end":{"line":117,"column":21}},"63":{"start":{"line":118,"column":6},"end":{"line":118,"column":13}},"64":{"start":{"line":121,"column":4},"end":{"line":125,"column":5}},"65":{"start":{"line":122,"column":6},"end":{"line":122,"column":52}},"66":{"start":{"line":123,"column":6},"end":{"line":123,"column":21}},"67":{"start":{"line":124,"column":6},"end":{"line":124,"column":13}},"68":{"start":{"line":127,"column":4},"end":{"line":133,"column":7}},"69":{"start":{"line":128,"column":6},"end":{"line":130,"column":7}},"70":{"start":{"line":129,"column":8},"end":{"line":129,"column":29}},"71":{"start":{"line":131,"column":6},"end":{"line":131,"column":22}},"72":{"start":{"line":132,"column":6},"end":{"line":132,"column":11}},"73":{"start":{"line":136,"column":0},"end":{"line":136,"column":31}}},"branchMap":{"1":{"line":14,"type":"if","locations":[{"start":{"line":14,"column":2},"end":{"line":14,"column":2}},{"start":{"line":14,"column":2},"end":{"line":14,"column":2}}]},"2":{"line":14,"type":"binary-expr","locations":[{"start":{"line":14,"column":6},"end":{"line":14,"column":28}},{"start":{"line":14,"column":32},"end":{"line":14,"column":35}}]},"3":{"line":16,"type":"if","locations":[{"start":{"line":16,"column":4},"end":{"line":16,"column":4}},{"start":{"line":16,"column":4},"end":{"line":16,"column":4}}]},"4":{"line":17,"type":"if","locations":[{"start":{"line":17,"column":6},"end":{"line":17,"column":6}},{"start":{"line":17,"column":6},"end":{"line":17,"column":6}}]},"5":{"line":36,"type":"if","locations":[{"start":{"line":36,"column":2},"end":{"line":36,"column":2}},{"start":{"line":36,"column":2},"end":{"line":36,"column":2}}]},"6":{"line":36,"type":"binary-expr","locations":[{"start":{"line":36,"column":6},"end":{"line":36,"column":30}},{"start":{"line":36,"column":34},"end":{"line":36,"column":39}}]},"7":{"line":37,"type":"binary-expr","locations":[{"start":{"line":37,"column":18},"end":{"line":37,"column":31}},{"start":{"line":37,"column":35},"end":{"line":37,"column":40}}]},"8":{"line":38,"type":"if","locations":[{"start":{"line":38,"column":4},"end":{"line":38,"column":4}},{"start":{"line":38,"column":4},"end":{"line":38,"column":4}}]},"9":{"line":38,"type":"binary-expr","locations":[{"start":{"line":38,"column":8},"end":{"line":38,"column":33}},{"start":{"line":38,"column":37},"end":{"line":38,"column":68}}]},"10":{"line":71,"type":"if","locations":[{"start":{"line":71,"column":6},"end":{"line":71,"column":6}},{"start":{"line":71,"column":6},"end":{"line":71,"column":6}}]},"11":{"line":71,"type":"binary-expr","locations":[{"start":{"line":71,"column":10},"end":{"line":71,"column":13}},{"start":{"line":71,"column":17},"end":{"line":71,"column":20}},{"start":{"line":71,"column":24},"end":{"line":71,"column":28}}]},"12":{"line":88,"type":"if","locations":[{"start":{"line":88,"column":4},"end":{"line":88,"column":4}},{"start":{"line":88,"column":4},"end":{"line":88,"column":4}}]},"13":{"line":115,"type":"if","locations":[{"start":{"line":115,"column":4},"end":{"line":115,"column":4}},{"start":{"line":115,"column":4},"end":{"line":115,"column":4}}]},"14":{"line":121,"type":"if","locations":[{"start":{"line":121,"column":4},"end":{"line":121,"column":4}},{"start":{"line":121,"column":4},"end":{"line":121,"column":4}}]},"15":{"line":128,"type":"if","locations":[{"start":{"line":128,"column":6},"end":{"line":128,"column":6}},{"start":{"line":128,"column":6},"end":{"line":128,"column":6}}]}},"code":["\"use strict\";","","/**"," * 主入口"," * 通过require(\"flex-combo\")"," * */","const pathLib = require(\"path\");","const trace = require(\"plug-trace\");","const DAC = require(\"dac\");","const FlexCombo = require(\"./flexcombo\");","const pkg = require(__dirname + \"/package.json\");","","let init_config = function(dir) {","  if (typeof dir == \"string\" && dir) {","    let confFile, json = pkg.name + \".json\";","    if (pathLib.isAbsolute(dir)) {","      if (/\\.json$/.test(dir)) {","        confFile = dir;","      }","      else {","        confFile = pathLib.join(dir, json);","      }","    }","    else {","      confFile = pathLib.join(process.cwd(), dir, json);","    }","","    return confFile;","  }","  else {","    return '';","  }","};","","let init_param = function (param) {","  if (typeof param == \"object\" && param) {","    let rootdir = param.rootdir || \"src\";","    if (rootdir.indexOf('/') == 0 || /^\\w{1}:[\\\\/].*$/.test(rootdir)) {","      param.rootdir = rootdir;","    }","    else {","      param.rootdir = pathLib.normalize(pathLib.join(process.cwd(), rootdir));","    }","","    return param;","  }","  else {","    return {};","  }","};","","FlexCombo.addEngine(\"\\\\.tpl$|\\\\.tpl\\\\.js$|\\\\.html\\\\.js$\", DAC.tpl, \"dac/tpl\");","FlexCombo.addEngine(\"\\\\.swig$|\\\\.swig\\\\.js$\", DAC.swig, \"dac/tpl\");","FlexCombo.addEngine(\"\\\\.less\\\\.js$\", DAC.lessjs, \"dac/lessjs\");","FlexCombo.addEngine(\"\\\\.less$|\\\\.less\\\\.css$\", DAC.less, \"dac/less\");","FlexCombo.addEngine(\"\\\\.less\\\\.html$\", DAC.lesspolymer, \"dac/polymer\");","FlexCombo.addEngine(\"\\\\.js$\", DAC.babel, \"dac/babel\");","FlexCombo.addEngine(\"\\\\.js$\", DAC.xmd, \"dac/xmd\");","","module.exports = function (input_param, dir) {","  process.on(pkg.name, function (data) {","    console.log(\"\\n=== Served by %s ===\", trace.chalk.white(pkg.name));","    trace(data);","  });","","  let param = init_param(input_param);","  let confFile = init_config(dir);","","  return function (req, res, next) {","    try {","      if (req && res && next) {","        let fcInst = new FlexCombo(param, confFile);","        fcInst.handle(req, res, next);","      }","      else {","        console.log(\"arguments error!\");","      }","    }","    catch (e) {","      console.log(e);","    }","  }","};","","module.exports.koa = function (ctx, param, cb) {","  let fcInst = new FlexCombo(param);","  fcInst.koa(ctx.req, function (e, body, header) {","    if (e) {","      cb(e);","    }","    else {","      ctx.set(header);","      cb(null, body);","    }","  });","};","","module.exports.gulp = module.exports.engine = function (input_param, dir) {","  let through = require(\"through2\");","","  let param = init_param(input_param);","  let confFile = init_config(dir);","","  process","    .removeAllListeners(pkg.name)","    .on(pkg.name, function (data) {","      trace(data, \"error\");","    });","","  return through.obj(function (file, enc, cb) {","    let fcInst = new FlexCombo(param, confFile);","","    let self = this;","","    if (file.isNull()) {","      self.emit(\"error\", \"isNull\");","      cb(null, file);","      return;","    }","","    if (file.isStream()) {","      self.emit(\"error\", \"Streaming not supported\");","      cb(null, file);","      return;","    }","","    fcInst.stream(file.path, function (buff) {","      if (buff) {","        file.contents = buff;","      }","      self.push(file);","      cb();","    });","  });","};","module.exports.API = FlexCombo;",""],"l":{"7":1,"8":1,"9":1,"10":1,"11":1,"13":1,"14":0,"15":0,"16":0,"17":0,"18":0,"21":0,"25":0,"28":0,"31":0,"35":1,"36":0,"37":0,"38":0,"39":0,"42":0,"45":0,"48":0,"52":1,"53":1,"54":1,"55":1,"56":1,"57":1,"58":1,"60":1,"61":0,"62":0,"63":0,"66":0,"67":0,"69":0,"70":0,"71":0,"72":0,"73":0,"76":0,"80":0,"85":1,"86":0,"87":0,"88":0,"89":0,"92":0,"93":0,"98":1,"99":0,"101":0,"102":0,"104":0,"107":0,"110":0,"111":0,"113":0,"115":0,"116":0,"117":0,"118":0,"121":0,"122":0,"123":0,"124":0,"127":0,"128":0,"129":0,"131":0,"132":0,"136":1}},"/home/travis/build/npmtest/node-npmtest-flex-combo/node_modules/flex-combo/flexcombo.js":{"path":"/home/travis/build/npmtest/node-npmtest-flex-combo/node_modules/flex-combo/flexcombo.js","s":{"1":1,"2":1,"3":1,"4":1,"5":1,"6":1,"7":1,"8":1,"9":1,"10":1,"11":0,"12":0,"13":0,"14":0,"15":0,"16":0,"17":0,"18":0,"19":0,"20":0,"21":0,"22":0,"23":0,"24":0,"25":0,"26":0,"27":0,"28":0,"29":0,"30":0,"31":0,"32":0,"33":0,"34":0,"35":0,"36":7,"37":7,"38":0,"39":0,"40":0,"41":0,"42":0,"43":0,"44":0,"45":0,"46":0,"47":0,"48":0,"49":0,"50":0,"51":0,"52":0,"53":0,"54":0,"55":0,"56":0,"57":0,"58":0,"59":0,"60":0,"61":0,"62":0,"63":0,"64":0,"65":0,"66":0,"67":0,"68":0,"69":0,"70":0,"71":0,"72":0,"73":0,"74":0,"75":0,"76":0,"77":0,"78":0,"79":0,"80":0,"81":0,"82":0,"83":0,"84":0,"85":0,"86":0,"87":0,"88":0,"89":0,"90":0,"91":0,"92":0,"93":0,"94":0,"95":0,"96":0,"97":0,"98":0,"99":0,"100":0,"101":0,"102":0,"103":0,"104":0,"105":0,"106":0,"107":0,"108":0,"109":0,"110":0,"111":0,"112":0,"113":0,"114":0,"115":0,"116":0,"117":0,"118":0,"119":0,"120":0,"121":0,"122":0,"123":0,"124":0,"125":0,"126":0,"127":0,"128":0,"129":0,"130":0,"131":0,"132":0,"133":0,"134":0,"135":0,"136":0,"137":0,"138":0,"139":0,"140":0,"141":0,"142":0,"143":0,"144":0,"145":0,"146":0,"147":0,"148":0,"149":0,"150":0,"151":0,"152":0,"153":0,"154":0,"155":0,"156":0,"157":0,"158":0,"159":0,"160":0,"161":0,"162":0,"163":0,"164":0,"165":0,"166":0,"167":0,"168":0,"169":0,"170":0,"171":0,"172":0,"173":0,"174":0,"175":0,"176":0,"177":0,"178":0,"179":0,"180":0,"181":0,"182":0,"183":0,"184":0,"185":0,"186":0,"187":0,"188":0,"189":0,"190":0,"191":0,"192":0,"193":0,"194":0,"195":0,"196":0,"197":0,"198":0,"199":0,"200":0,"201":0,"202":0,"203":0,"204":0,"205":0,"206":0,"207":0,"208":0,"209":0,"210":0,"211":0,"212":0,"213":0,"214":0,"215":0,"216":0,"217":0,"218":0,"219":0,"220":0,"221":0,"222":0,"223":0,"224":0,"225":0,"226":0,"227":0,"228":0,"229":0,"230":0,"231":0,"232":0,"233":0,"234":0,"235":0,"236":0,"237":1},"b":{"1":[0,0],"2":[0,0],"3":[0,0],"4":[0,0],"5":[0,0],"6":[0,0],"7":[0,0],"8":[0,0],"9":[7,0],"10":[0,0],"11":[0,0],"12":[0,0],"13":[0,0],"14":[0,0],"15":[0,0],"16":[0,0],"17":[0,0],"18":[0,0],"19":[0,0,0],"20":[0,0],"21":[0,0],"22":[0,0],"23":[0,0],"24":[0,0],"25":[0,0],"26":[0,0],"27":[0,0],"28":[0,0],"29":[0,0],"30":[0,0],"31":[0,0],"32":[0,0],"33":[0,0],"34":[0,0],"35":[0,0],"36":[0,0],"37":[0,0],"38":[0,0],"39":[0,0],"40":[0,0],"41":[0,0],"42":[0,0],"43":[0,0],"44":[0,0],"45":[0,0],"46":[0,0],"47":[0,0],"48":[0,0],"49":[0,0],"50":[0,0],"51":[0,0],"52":[0,0],"53":[0,0],"54":[0,0],"55":[0,0],"56":[0,0],"57":[0,0],"58":[0,0],"59":[0,0],"60":[0,0],"61":[0,0],"62":[0,0],"63":[0,0],"64":[0,0],"65":[0,0],"66":[0,0],"67":[0,0],"68":[0,0],"69":[0,0],"70":[0,0],"71":[0,0],"72":[0,0],"73":[0,0,0],"74":[0,0],"75":[0,0],"76":[0,0],"77":[0,0],"78":[0,0],"79":[0,0],"80":[0,0]},"f":{"1":0,"2":0,"3":0,"4":0,"5":7,"6":0,"7":0,"8":0,"9":0,"10":0,"11":0,"12":0,"13":0,"14":0,"15":0,"16":0,"17":0,"18":0,"19":0,"20":0,"21":0,"22":0,"23":0,"24":0,"25":0,"26":0,"27":0,"28":0,"29":0,"30":0,"31":0,"32":0,"33":0,"34":0,"35":0,"36":0,"37":0,"38":0,"39":0,"40":0,"41":0,"42":0,"43":0,"44":0,"45":0,"46":0,"47":0,"48":0,"49":0},"fnMap":{"1":{"name":"(anonymous_1)","line":17,"loc":{"start":{"line":17,"column":13},"end":{"line":17,"column":34}}},"2":{"name":"(anonymous_2)","line":33,"loc":{"start":{"line":33,"column":80},"end":{"line":33,"column":92}}},"3":{"name":"(anonymous_3)","line":45,"loc":{"start":{"line":45,"column":34},"end":{"line":45,"column":52}}},"4":{"name":"(anonymous_4)","line":52,"loc":{"start":{"line":52,"column":11},"end":{"line":52,"column":14}}},"5":{"name":"(anonymous_5)","line":68,"loc":{"start":{"line":68,"column":18},"end":{"line":68,"column":40}}},"6":{"name":"(anonymous_6)","line":77,"loc":{"start":{"line":77,"column":17},"end":{"line":77,"column":39}}},"7":{"name":"(anonymous_7)","line":86,"loc":{"start":{"line":86,"column":19},"end":{"line":86,"column":22}}},"8":{"name":"(anonymous_8)","line":102,"loc":{"start":{"line":102,"column":7},"end":{"line":102,"column":16}}},"9":{"name":"(anonymous_9)","line":124,"loc":{"start":{"line":124,"column":43},"end":{"line":124,"column":56}}},"10":{"name":"(anonymous_10)","line":133,"loc":{"start":{"line":133,"column":8},"end":{"line":133,"column":15}}},"11":{"name":"(anonymous_11)","line":137,"loc":{"start":{"line":137,"column":9},"end":{"line":137,"column":22}}},"12":{"name":"(anonymous_12)","line":149,"loc":{"start":{"line":149,"column":16},"end":{"line":149,"column":31}}},"13":{"name":"(anonymous_13)","line":163,"loc":{"start":{"line":163,"column":13},"end":{"line":163,"column":20}}},"14":{"name":"(anonymous_14)","line":186,"loc":{"start":{"line":186,"column":18},"end":{"line":186,"column":25}}},"15":{"name":"(anonymous_15)","line":195,"loc":{"start":{"line":195,"column":11},"end":{"line":195,"column":27}}},"16":{"name":"(anonymous_16)","line":197,"loc":{"start":{"line":197,"column":37},"end":{"line":197,"column":50}}},"17":{"name":"(anonymous_17)","line":205,"loc":{"start":{"line":205,"column":20},"end":{"line":205,"column":33}}},"18":{"name":"(anonymous_18)","line":229,"loc":{"start":{"line":229,"column":14},"end":{"line":229,"column":75}}},"19":{"name":"(anonymous_19)","line":233,"loc":{"start":{"line":233,"column":18},"end":{"line":233,"column":39}}},"20":{"name":"(anonymous_20)","line":247,"loc":{"start":{"line":247,"column":15},"end":{"line":247,"column":44}}},"21":{"name":"(anonymous_21)","line":250,"loc":{"start":{"line":250,"column":12},"end":{"line":250,"column":41}}},"22":{"name":"(anonymous_22)","line":258,"loc":{"start":{"line":258,"column":15},"end":{"line":258,"column":35}}},"23":{"name":"(anonymous_23)","line":261,"loc":{"start":{"line":261,"column":12},"end":{"line":261,"column":41}}},"24":{"name":"(anonymous_24)","line":274,"loc":{"start":{"line":274,"column":15},"end":{"line":274,"column":30}}},"25":{"name":"(anonymous_25)","line":298,"loc":{"start":{"line":298,"column":25},"end":{"line":298,"column":46}}},"26":{"name":"(anonymous_26)","line":312,"loc":{"start":{"line":312,"column":15},"end":{"line":312,"column":30}}},"27":{"name":"(anonymous_27)","line":316,"loc":{"start":{"line":316,"column":28},"end":{"line":316,"column":47}}},"28":{"name":"(anonymous_28)","line":327,"loc":{"start":{"line":327,"column":14},"end":{"line":327,"column":29}}},"29":{"name":"(anonymous_29)","line":332,"loc":{"start":{"line":332,"column":32},"end":{"line":332,"column":51}}},"30":{"name":"(anonymous_30)","line":348,"loc":{"start":{"line":348,"column":14},"end":{"line":348,"column":29}}},"31":{"name":"(anonymous_31)","line":353,"loc":{"start":{"line":353,"column":28},"end":{"line":353,"column":54}}},"32":{"name":"(anonymous_32)","line":381,"loc":{"start":{"line":381,"column":6},"end":{"line":381,"column":22}}},"33":{"name":"(anonymous_33)","line":395,"loc":{"start":{"line":395,"column":6},"end":{"line":395,"column":20}}},"34":{"name":"(anonymous_34)","line":397,"loc":{"start":{"line":397,"column":49},"end":{"line":397,"column":68}}},"35":{"name":"(anonymous_35)","line":403,"loc":{"start":{"line":403,"column":52},"end":{"line":403,"column":64}}},"36":{"name":"(anonymous_36)","line":415,"loc":{"start":{"line":415,"column":6},"end":{"line":415,"column":23}}},"37":{"name":"(anonymous_37)","line":418,"loc":{"start":{"line":418,"column":6},"end":{"line":418,"column":27}}},"38":{"name":"(anonymous_38)","line":424,"loc":{"start":{"line":424,"column":7},"end":{"line":424,"column":18}}},"39":{"name":"(anonymous_39)","line":430,"loc":{"start":{"line":430,"column":41},"end":{"line":430,"column":57}}},"40":{"name":"(anonymous_40)","line":431,"loc":{"start":{"line":431,"column":13},"end":{"line":431,"column":27}}},"41":{"name":"(anonymous_41)","line":435,"loc":{"start":{"line":435,"column":22},"end":{"line":435,"column":43}}},"42":{"name":"(anonymous_42)","line":446,"loc":{"start":{"line":446,"column":8},"end":{"line":446,"column":22}}},"43":{"name":"(anonymous_43)","line":452,"loc":{"start":{"line":452,"column":7},"end":{"line":452,"column":26}}},"44":{"name":"(anonymous_44)","line":457,"loc":{"start":{"line":457,"column":10},"end":{"line":457,"column":20}}},"45":{"name":"(anonymous_45)","line":471,"loc":{"start":{"line":471,"column":17},"end":{"line":471,"column":38}}},"46":{"name":"(anonymous_46)","line":496,"loc":{"start":{"line":496,"column":8},"end":{"line":496,"column":25}}},"47":{"name":"(anonymous_47)","line":497,"loc":{"start":{"line":497,"column":23},"end":{"line":497,"column":53}}},"48":{"name":"(anonymous_48)","line":509,"loc":{"start":{"line":509,"column":5},"end":{"line":509,"column":15}}},"49":{"name":"(anonymous_49)","line":510,"loc":{"start":{"line":510,"column":23},"end":{"line":510,"column":53}}}},"statementMap":{"1":{"start":{"line":3,"column":0},"end":{"line":3,"column":32}},"2":{"start":{"line":4,"column":0},"end":{"line":4,"column":31}},"3":{"start":{"line":5,"column":0},"end":{"line":5,"column":36}},"4":{"start":{"line":6,"column":0},"end":{"line":6,"column":33}},"5":{"start":{"line":7,"column":0},"end":{"line":7,"column":32}},"6":{"start":{"line":8,"column":0},"end":{"line":8,"column":33}},"7":{"start":{"line":9,"column":0},"end":{"line":9,"column":39}},"8":{"start":{"line":10,"column":0},"end":{"line":10,"column":44}},"9":{"start":{"line":11,"column":0},"end":{"line":11,"column":38}},"10":{"start":{"line":14,"column":0},"end":{"line":14,"column":24}},"11":{"start":{"line":19,"column":4},"end":{"line":19,"column":26}},"12":{"start":{"line":22,"column":4},"end":{"line":22,"column":29}},"13":{"start":{"line":25,"column":4},"end":{"line":25,"column":22}},"14":{"start":{"line":28,"column":4},"end":{"line":28,"column":29}},"15":{"start":{"line":29,"column":4},"end":{"line":29,"column":29}},"16":{"start":{"line":31,"column":4},"end":{"line":39,"column":5}},"17":{"start":{"line":32,"column":6},"end":{"line":36,"column":7}},"18":{"start":{"line":33,"column":8},"end":{"line":35,"column":11}},"19":{"start":{"line":34,"column":10},"end":{"line":34,"column":39}},"20":{"start":{"line":38,"column":6},"end":{"line":38,"column":75}},"21":{"start":{"line":40,"column":4},"end":{"line":42,"column":5}},"22":{"start":{"line":41,"column":6},"end":{"line":41,"column":79}},"23":{"start":{"line":43,"column":4},"end":{"line":43,"column":62}},"24":{"start":{"line":44,"column":4},"end":{"line":49,"column":5}},"25":{"start":{"line":45,"column":6},"end":{"line":48,"column":20}},"26":{"start":{"line":46,"column":8},"end":{"line":46,"column":39}},"27":{"start":{"line":47,"column":8},"end":{"line":47,"column":42}},"28":{"start":{"line":53,"column":4},"end":{"line":53,"column":22}},"29":{"start":{"line":54,"column":4},"end":{"line":63,"column":5}},"30":{"start":{"line":55,"column":6},"end":{"line":58,"column":7}},"31":{"start":{"line":56,"column":8},"end":{"line":56,"column":42}},"32":{"start":{"line":57,"column":8},"end":{"line":57,"column":44}},"33":{"start":{"line":61,"column":6},"end":{"line":61,"column":73}},"34":{"start":{"line":62,"column":6},"end":{"line":62,"column":20}},"35":{"start":{"line":65,"column":4},"end":{"line":65,"column":113}},"36":{"start":{"line":69,"column":4},"end":{"line":74,"column":5}},"37":{"start":{"line":70,"column":6},"end":{"line":73,"column":9}},"38":{"start":{"line":78,"column":4},"end":{"line":83,"column":5}},"39":{"start":{"line":79,"column":6},"end":{"line":82,"column":9}},"40":{"start":{"line":87,"column":4},"end":{"line":87,"column":25}},"41":{"start":{"line":88,"column":4},"end":{"line":88,"column":17}},"42":{"start":{"line":90,"column":4},"end":{"line":90,"column":36}},"43":{"start":{"line":91,"column":4},"end":{"line":99,"column":5}},"44":{"start":{"line":92,"column":6},"end":{"line":92,"column":58}},"45":{"start":{"line":93,"column":6},"end":{"line":93,"column":59}},"46":{"start":{"line":94,"column":6},"end":{"line":98,"column":7}},"47":{"start":{"line":95,"column":8},"end":{"line":95,"column":22}},"48":{"start":{"line":96,"column":8},"end":{"line":96,"column":61}},"49":{"start":{"line":97,"column":8},"end":{"line":97,"column":34}},"50":{"start":{"line":103,"column":4},"end":{"line":103,"column":87}},"51":{"start":{"line":104,"column":4},"end":{"line":104,"column":37}},"52":{"start":{"line":105,"column":4},"end":{"line":105,"column":59}},"53":{"start":{"line":107,"column":4},"end":{"line":115,"column":6}},"54":{"start":{"line":117,"column":4},"end":{"line":117,"column":39}},"55":{"start":{"line":118,"column":4},"end":{"line":118,"column":55}},"56":{"start":{"line":120,"column":4},"end":{"line":130,"column":5}},"57":{"start":{"line":121,"column":6},"end":{"line":121,"column":83}},"58":{"start":{"line":122,"column":6},"end":{"line":122,"column":80}},"59":{"start":{"line":123,"column":6},"end":{"line":123,"column":69}},"60":{"start":{"line":124,"column":6},"end":{"line":126,"column":9}},"61":{"start":{"line":125,"column":8},"end":{"line":125,"column":39}},"62":{"start":{"line":129,"column":6},"end":{"line":129,"column":36}},"63":{"start":{"line":134,"column":4},"end":{"line":134,"column":59}},"64":{"start":{"line":138,"column":4},"end":{"line":145,"column":5}},"65":{"start":{"line":139,"column":6},"end":{"line":139,"column":72}},"66":{"start":{"line":140,"column":6},"end":{"line":142,"column":7}},"67":{"start":{"line":141,"column":8},"end":{"line":141,"column":57}},"68":{"start":{"line":144,"column":6},"end":{"line":144,"column":51}},"69":{"start":{"line":146,"column":4},"end":{"line":146,"column":16}},"70":{"start":{"line":150,"column":4},"end":{"line":150,"column":22}},"71":{"start":{"line":152,"column":4},"end":{"line":159,"column":5}},"72":{"start":{"line":153,"column":6},"end":{"line":153,"column":27}},"73":{"start":{"line":154,"column":6},"end":{"line":158,"column":7}},"74":{"start":{"line":155,"column":8},"end":{"line":155,"column":23}},"75":{"start":{"line":156,"column":8},"end":{"line":156,"column":48}},"76":{"start":{"line":157,"column":8},"end":{"line":157,"column":61}},"77":{"start":{"line":160,"column":4},"end":{"line":160,"column":16}},"78":{"start":{"line":164,"column":4},"end":{"line":164,"column":30}},"79":{"start":{"line":166,"column":4},"end":{"line":168,"column":5}},"80":{"start":{"line":167,"column":6},"end":{"line":167,"column":45}},"81":{"start":{"line":170,"column":4},"end":{"line":170,"column":69}},"82":{"start":{"line":171,"column":4},"end":{"line":171,"column":48}},"83":{"start":{"line":174,"column":4},"end":{"line":174,"column":69}},"84":{"start":{"line":175,"column":4},"end":{"line":181,"column":5}},"85":{"start":{"line":176,"column":6},"end":{"line":180,"column":7}},"86":{"start":{"line":177,"column":8},"end":{"line":177,"column":35}},"87":{"start":{"line":178,"column":8},"end":{"line":178,"column":33}},"88":{"start":{"line":179,"column":8},"end":{"line":179,"column":54}},"89":{"start":{"line":182,"column":4},"end":{"line":182,"column":66}},"90":{"start":{"line":183,"column":4},"end":{"line":183,"column":82}},"91":{"start":{"line":187,"column":4},"end":{"line":192,"column":5}},"92":{"start":{"line":188,"column":6},"end":{"line":188,"column":96}},"93":{"start":{"line":191,"column":6},"end":{"line":191,"column":16}},"94":{"start":{"line":196,"column":4},"end":{"line":202,"column":5}},"95":{"start":{"line":197,"column":6},"end":{"line":201,"column":9}},"96":{"start":{"line":198,"column":8},"end":{"line":200,"column":9}},"97":{"start":{"line":199,"column":10},"end":{"line":199,"column":38}},"98":{"start":{"line":206,"column":4},"end":{"line":206,"column":44}},"99":{"start":{"line":207,"column":4},"end":{"line":207,"column":52}},"100":{"start":{"line":208,"column":4},"end":{"line":226,"column":5}},"101":{"start":{"line":209,"column":6},"end":{"line":219,"column":8}},"102":{"start":{"line":221,"column":6},"end":{"line":221,"column":95}},"103":{"start":{"line":222,"column":6},"end":{"line":222,"column":27}},"104":{"start":{"line":225,"column":6},"end":{"line":225,"column":19}},"105":{"start":{"line":230,"column":4},"end":{"line":271,"column":5}},"106":{"start":{"line":231,"column":6},"end":{"line":231,"column":23}},"107":{"start":{"line":232,"
[...]
   this.addCustomEngine(regStr, require(mod), filepath);","        delete require.cache[mod];","      }","    }","  }","","  parse(origin) {","    let _url    = origin.replace(/([^\\?])\\?[^\\?].*$/, \"$1\").replace(/[\\?\\,]{1,}$/, '');","    let result  = urlLib.parse(_url);","    result.path = result.path.replace(/[\\\\|\\/]{1,}/g, '/');","","    this.parseDetail = {","      url: origin,","      href: result.protocol + \"//\" + result.host + result.path,","      protocol: result.protocol,","      host: result.hostname,","      port: result.port || (result.protocol == \"https:\" ? 443 : 80),","      path: result.path,","      list: []","    };","","    let url    = this.parseDetail.path;","    let prefix = url.indexOf(this.param.servlet + '?');","","    if (prefix != -1) {","      let base              = (url.slice(0, prefix) + '/').replace(/\\/{1,}/g, '/');","      let file              = url.slice(prefix + this.param.servlet.length + 1);","      let filelist          = file.split(this.param.seperator, 1000);","      this.parseDetail.list = filelist.map(function (i) {","        return urlLib.resolve(base, i);","      });","    }","    else {","      this.parseDetail.list = [url];","    }","  }","","  isText(_url) {","    return /text|javascript|json/i.test(mime.lookup(_url));","  }","","  convert(buff, _url) {","    if (this.isText(_url)) {","      let outputCharset = (this.param.charset || \"utf-8\").toLowerCase();","      if (this.param.urlBasedCharset && _url && this.param.urlBasedCharset[_url]) {","        outputCharset = this.param.urlBasedCharset[_url];","      }","","      return Helper.getBuffer(buff, outputCharset);","    }","    return buff;","  }","","  getFilteredUrl(_url, filter) {","    let regx, ori_url;","","    for (let k in filter) {","      regx = new RegExp(k);","      if (regx.test(_url)) {","        ori_url = _url;","        _url    = _url.replace(regx, filter[k]);","        this.trace && this.trace.filter(regx, ori_url, _url);","      }","    }","    return _url;","  }","","  getRealPath(_url) {","    let map = this.param.urls;","    // 根目录设置","    if (!map['/']) {","      map['/'] = this.param.rootdir || \"src\";","    }","","    _url = this.getFilteredUrl(_url, this.param[\"dac/local\"].filter);","    _url = (/^\\//.test(_url) ? '' : '/') + _url;","","    // urls中key对应的实际目录","    let repPath = process.cwd(), revPath = _url, longestMatchNum = 0;","    for (let k in map) {","      if (_url.indexOf(k) == 0 && longestMatchNum < k.length) {","        longestMatchNum = k.length;","        repPath         = map[k];","        revPath         = _url.slice(longestMatchNum);","      }","    }","    let _path = pathLib.normalize(pathLib.join(repPath, revPath));","    return pathLib.isAbsolute(_path) ? _path : pathLib.join(process.cwd(), _path);","  }","","  getCacheFilePath(_url) {","    if (this.cacheDir) {","      return pathLib.join(this.cacheDir, Helper.MD5(pathLib.join(this.parseDetail.host, _url)));","    }","    else {","      return '';","    }","  }","","  cacheFile(absPath, buff) {","    if (absPath && !/[<>\\*\\?]+/g.test(absPath)) {","      fsLib.writeFile(absPath, buff, function (e) {","        if (!e) {","          fsLib.chmod(absPath, 0o777);","        }","      });","    }","  }","","  buildRequestOption(url, force) {","    let reqHostName = this.parseDetail.host;","    let reqHostIP   = this.param.hosts[reqHostName];","    if (force || reqHostIP) {","      let requestOption = {","        protocol: this.parseDetail.protocol,","        host: reqHostIP || reqHostName,","        path: encodeURI(url),","        method: \"GET\",","        rejectUnauthorized: false,","        headers: {","          \"x-broker\": \"flex-combo\",","          host: reqHostName","        }","      };","","      requestOption.headers = merge.recursive(true, this.param.headers, requestOption.headers);","      return requestOption;","    }","    else {","      return false;","    }","  }","","  _matchEngine(filteredURL, absPath, fakeReqOpt, isNotFirst, engine, info) {","    if (new RegExp(info.rule).test(filteredURL)) {","      let self  = this;","      let param = this.param[info.field] || {};","      let trace = function (e, isPass) {","        if (!isPass) {","          if (e) {","            if (e.code != -1) {","              self.trace && self.trace.error(absPath, info.field);","            }","          }","          else {","            self.trace && self.trace.engine(info.field, absPath);","          }","        }","      };","","      if (isNotFirst) {","        return function (content, callback) {","          engine(","            {content: content}, filteredURL, fakeReqOpt, param,","            function (e, result, isPass) {","              trace(e, isPass);","              callback(e, result);","            }","          );","        }","      }","      else {","        return function (callback) {","          engine(","            absPath, filteredURL, fakeReqOpt, param,","            function (e, result, isPass) {","              trace(e, isPass);","              callback(e, result);","            }","          );","        }","      }","    }","    else {","      return false;","    }","  }","","  engineHandler(pathInfo, cb) {","    let filteredURL = pathInfo.filtered;","    let absPath     = pathInfo.abs;","    let fakeReqOpt  = this.buildRequestOption(pathInfo.base, true);","","    if (fsLib.existsSync(absPath)) {","      this.trace && this.trace.local(filteredURL, absPath);","    }","","    let Q = [];","    for (let item of this.engines) {","      let engine = this._matchEngine(filteredURL, absPath, fakeReqOpt, Q.length, item[0], item[1]);","      if (engine) {","        Q.push(engine);","      }","    }","    for (let item of Engines) {","      let engine = this._matchEngine(filteredURL, absPath, fakeReqOpt, Q.length, item[0], item[1]);","      if (engine) {","        Q.push(engine);","      }","    }","","    if (Q.length) {","      async.waterfall(Q, function (e, result) {","        if (e) {","          cb(e);","        }","        else {","          cb(null, this.convert(result, pathInfo.base));","        }","      }.bind(this));","    }","    else {","      cb(true);","    }","  }","","  staticHandler(pathInfo, cb) {","    let absPath = pathInfo.abs;","    let self    = this;","","    fsLib.readFile(absPath, function (e, data) {","      if (e) {","        self.trace && self.trace.warn(absPath, \"Not in Local\");","        cb(e);","      }","      else {","        cb(null, self.convert(data, pathInfo.base));","      }","    });","  }","","  cacheHandler(pathInfo, cb) {","    let cachePath = pathInfo.cache;","    let self      = this;","","    if (this.param.cache) {","      fsLib.readFile(cachePath, function (e, data) {","        if (e) {","          self.trace && self.trace.warn(pathInfo.href, \"Not in Cache\");","        }","        else {","          self.trace && self.trace.cache(pathInfo.base, cachePath);","        }","","        cb(e, data);","      });","    }","    else {","      cb(null, null);","    }","  }","","  fetchHandler(pathInfo, cb) {","    let self      = this;","    let remoteURL = pathInfo.href;","    let reqOpt    = this.buildRequestOption(pathInfo.base);","    if (reqOpt) {","      fetch.request(reqOpt, function (e, buff, nsres) {","        if (e) {","          self.trace && self.trace.error(remoteURL, \"Network 500\");","          cb(e);","        }","        else {","          if (nsres.statusCode == 404) {","            self.trace && self.trace.error(remoteURL, \"Network 404\");","","            cb(nsres);","          }","          else {","            self.trace && self.trace.remote(pathInfo.href, reqOpt.host);","","            if (self.param.cache && pathInfo.cache) {","              self.cacheFile(pathInfo.cache, buff);","            }","            cb(null, buff);","          }","        }","      });","    }","    else {","      self.trace && self.trace.error(remoteURL, \"Req Loop\");","      cb({msg: \"Req Loop!\"});","    }","  }","","  task(url, callback) {","    let filteredURL = this.getFilteredUrl(url, this.param.filter);","    let pathInfo    = {","      base: url,","      filtered: filteredURL,","      abs: this.getRealPath(filteredURL),","      cache: this.getCacheFilePath(url),","      href: this.parseDetail.protocol + \"//\" + this.parseDetail.host + ':' + this.parseDetail.port + url","    };","","    let self      = this;","    let step      = 0;","    let taskQueue = [this.engineHandler, this.staticHandler, this.cacheHandler, this.fetchHandler];","    async.doUntil(","      function (cb) {","        if (step < taskQueue.length) {","          taskQueue[step++].bind(self)(pathInfo, function (e, data) {","            if (e) {","              cb(null, null);","            }","            else {","              if (step === 1 && /\\.html\\.js$/.test(pathInfo.base)) {","                fsLib.writeFile(pathInfo.abs, data, function () {","                  fsLib.chmod(pathInfo.abs, \"0777\");","                });","              }","              cb(null, data);","            }","          });","        }","        else {","          cb({msg: \"Not Matched!\"});","        }","      },","      function (isFin) {","        return isFin !== null;","      },","      function (err, data) {","        callback(err, data);","      }","    );","  }","","  entry(callback) {","    this.resetCustomEngine();","","    this.trace && this.trace.request(this.parseDetail.host, this.parseDetail.list);","","    let self = this;","    let Q    = this.parseDetail.list.map(function (file) {","      return function (cb) {","        self.task(file, cb);","      }","    });","    async.parallel(Q, function (e, result) {","      if (e) {","        self.trace && self.trace.fail(self.parseDetail.url);","      }","      else {","        self.trace && self.trace.response(self.parseDetail.url, result);","      }","      callback(e, result);","    });","  }","","  stream(absPath, cb) {","    let filtered = urlLib.resolve('/', pathLib.relative(this.param.rootdir, absPath));","    this.engineHandler({","      base: filtered,","      filtered: filtered,","      abs: absPath","    }, function (e, data) {","      cb(data);","    });","  }","","  response(req, cb) {","    // 不用.pathname的原因是由于??combo形式的url，parse方法解析有问题","    let URL = (req.connection.encrypted ? \"https\" : \"http\") + \"://\" +","      (req.hostname || req.host || req.headers.host) + urlLib.parse(req.url).path;","    this.parse(URL);","    let absPath = this.getRealPath(this.getFilteredUrl(this.parseDetail.path, this.param.filter));","","    if (fsLib.existsSync(absPath) && fsLib.statSync(absPath).isDirectory()) {","      req.url = urlLib.resolve('/', pathLib.relative(this.param.rootdir, absPath));","      cb({msg: \"isDirectory\"});","    }","    else {","      this.trace = new Stack(\"flex-combo\");","","      this.entry(function (e, result) {","        if (e) {","          cb(e);","        }","        else {","          let content = Buffer.concat(result);","          let header  = {","            \"Access-Control-Allow-Origin\": '*',","            \"Content-Length\": content.length,","            \"X-MiddleWare\": \"flex-combo\"","          };","          let sample  = this.parseDetail.list[0];","          if (sample) {","            let val = mime.lookup(sample);","            if (this.isText(sample)) {","              val += \";charset=\" + this.param.charset;","            }","            header[\"Content-Type\"] = val;","          }","          cb(null, content, header);","        }","      }.bind(this));","    }","  }","","  handle(req, res, next) {","    this.response(req, function (e, content, header) {","      if (e) {","        next();","      }","      else {","        res.writeHead(200, header);","        res.write(content);","        res.end();","      }","    });","  }","","  koa(req, cb) {","    this.response(req, function (e, content, header) {","      if (e) {","        cb(e);","      }","      else {","        cb(null, content, header);","      }","    });","  }","}","","module.exports = FlexCombo;"],"l":{"3":1,"4":1,"5":1,"6":1,"7":1,"8":1,"9":1,"10":1,"11":1,"14":1,"19":0,"22":0,"25":0,"28":0,"29":0,"31":0,"32":0,"33":0,"34":0,"38":0,"40":0,"41":0,"43":0,"44":0,"45":0,"46":0,"47":0,"53":0,"54":0,"55":0,"56":0,"57":0,"61":0,"62":0,"65":0,"69":7,"70":7,"78":0,"79":0,"87":0,"88":0,"90":0,"91":0,"92":0,"93":0,"94":0,"95":0,"96":0,"97":0,"103":0,"104":0,"105":0,"107":0,"117":0,"118":0,"120":0,"121":0,"122":0,"123":0,"124":0,"125":0,"129":0,"134":0,"138":0,"139":0,"140":0,"141":0,"144":0,"146":0,"150":0,"152":0,"153":0,"154":0,"155":0,"156":0,"157":0,"160":0,"164":0,"166":0,"167":0,"170":0,"171":0,"174":0,"175":0,"176":0,"177":0,"178":0,"179":0,"182":0,"183":0,"187":0,"188":0,"191":0,"196":0,"197":0,"198":0,"199":0,"206":0,"207":0,"208":0,"209":0,"221":0,"222":0,"225":0,"230":0,"231":0,"232":0,"233":0,"234":0,"235":0,"236":0,"237":0,"241":0,"246":0,"247":0,"248":0,"251":0,"252":0,"258":0,"259":0,"262":0,"263":0,"270":0,"275":0,"276":0,"277":0,"279":0,"280":0,"283":0,"284":0,"285":0,"286":0,"287":0,"290":0,"291":0,"292":0,"293":0,"297":0,"298":0,"299":0,"300":0,"303":0,"308":0,"313":0,"314":0,"316":0,"317":0,"318":0,"319":0,"322":0,"328":0,"329":0,"331":0,"332":0,"333":0,"334":0,"337":0,"340":0,"344":0,"349":0,"350":0,"351":0,"352":0,"353":0,"354":0,"355":0,"356":0,"359":0,"360":0,"362":0,"365":0,"367":0,"368":0,"370":0,"376":0,"377":0,"382":0,"383":0,"391":0,"392":0,"393":0,"394":0,"396":0,"397":0,"398":0,"399":0,"402":0,"403":0,"404":0,"407":0,"412":0,"416":0,"419":0,"425":0,"427":0,"429":0,"430":0,"431":0,"432":0,"435":0,"436":0,"437":0,"440":0,"442":0,"447":0,"448":0,"453":0,"459":0,"461":0,"462":0,"464":0,"465":0,"466":0,"469":0,"471":0,"472":0,"473":0,"476":0,"477":0,"482":0,"483":0,"484":0,"485":0,"486":0,"488":0,"490":0,"497":0,"498":0,"499":0,"502":0,"503":0,"504":0,"510":0,"511":0,"512":0,"515":0,"521":1}},"/home/travis/build/npmtest/node-npmtest-flex-combo/node_modules/flex-combo/lib/util.js":{"path":"/home/travis/build/npmtest/node-npmtest-flex-combo/node_modules/flex-combo/lib/util.js","s":{"1":1,"2":1,"3":1,"4":1,"5":1,"6":1,"7":1,"8":0,"9":0,"10":0,"11":0,"12":0,"13":0,"14":0,"15":0,"16":0,"17":0,"18":0,"19":0,"20":0,"21":0,"22":0},"b":{"1":[0,0],"2":[0,0],"3":[0,0],"4":[0,0],"5":[0,0],"6":[0,0],"7":[0,0]},"f":{"1":0,"2":0,"3":0,"4":0,"5":0},"fnMap":{"1":{"name":"(anonymous_1)","line":12,"loc":{"start":{"line":12,"column":14},"end":{"line":12,"column":34}}},"2":{"name":"(anonymous_2)","line":22,"loc":{"start":{"line":22,"column":13},"end":{"line":22,"column":44}}},"3":{"name":"(anonymous_3)","line":36,"loc":{"start":{"line":36,"column":7},"end":{"line":36,"column":22}}},"4":{"name":"(anonymous_4)","line":40,"loc":{"start":{"line":40,"column":10},"end":{"line":40,"column":26}}},"5":{"name":"(anonymous_5)","line":42,"loc":{"start":{"line":42,"column":25},"end":{"line":42,"column":46}}}},"statementMap":{"1":{"start":{"line":3,"column":0},"end":{"line":3,"column":29}},"2":{"start":{"line":4,"column":0},"end":{"line":4,"column":33}},"3":{"start":{"line":5,"column":0},"end":{"line":5,"column":31}},"4":{"start":{"line":6,"column":0},"end":{"line":6,"column":30}},"5":{"start":{"line":7,"column":0},"end":{"line":7,"column":26}},"6":{"start":{"line":8,"column":0},"end":{"line":8,"column":25}},"7":{"start":{"line":10,"column":0},"end":{"line":50,"column":2}},"8":{"start":{"line":13,"column":4},"end":{"line":19,"column":5}},"9":{"start":{"line":14,"column":6},"end":{"line":14,"column":46}},"10":{"start":{"line":15,"column":6},"end":{"line":15,"column":72}},"11":{"start":{"line":18,"column":6},"end":{"line":18,"column":18}},"12":{"start":{"line":23,"column":4},"end":{"line":25,"column":5}},"13":{"start":{"line":24,"column":6},"end":{"line":24,"column":30}},"14":{"start":{"line":27,"column":4},"end":{"line":27,"column":53}},"15":{"start":{"line":28,"column":4},"end":{"line":33,"column":5}},"16":{"start":{"line":29,"column":6},"end":{"line":29,"column":18}},"17":{"start":{"line":32,"column":6},"end":{"line":32,"column":74}},"18":{"start":{"line":37,"column":4},"end":{"line":37,"column":62}},"19":{"start":{"line":41,"column":4},"end":{"line":48,"column":5}},"20":{"start":{"line":42,"column":6},"end":{"line":44,"column":9}},"21":{"start":{"line":43,"column":8},"end":{"line":43,"column":49}},"22":{"start":{"line":47,"column":6},"end":{"line":47,"column":16}}},"branchMap":{"1":{"line":13,"type":"if","locations":[{"start":{"line":13,"column":4},"end":{"line":13,"column":4}},{"start":{"line":13,"column":4},"end":{"line":13,"column":4}}]},"2":{"line":15,"type":"cond-expr","locations":[{"start":{"line":15,"column":28},"end":{"line":15,"column":43}},{"start":{"line":15,"column":46},"end":{"line":15,"column":71}}]},"3":{"line":23,"type":"if","locations":[{"start":{"line":23,"column":4},"end":{"line":23,"column":4}},{"start":{"line":23,"column":4},"end":{"line":23,"column":4}}]},"4":{"line":27,"type":"cond-expr","locations":[{"start":{"line":27,"column":37},"end":{"line":27,"column":44}},{"start":{"line":27,"column":47},"end":{"line":27,"column":52}}]},"5":{"line":28,"type":"if","locations":[{"start":{"line":28,"column":4},"end":{"line":28,"column":4}},{"start":{"line":28,"column":4},"end":{"line":28,"column":4}}]},"6":{"line":41,"type":"if","locations":[{"start":{"line":41,"column":4},"end":{"line":41,"column":4}},{"start":{"line":41,"column":4},"end":{"line":41,"column":4}}]},"7":{"line":43,"type":"binary-expr","locations":[{"start":{"line":43,"column":15},"end":{"line":43,"column":19}},{"start":{"line":43,"column":23},"end":{"line":43,"column":48}}]}},"code":["\"use strict\";","","const fsLib  = require(\"fs\");","const crypto = require(\"crypto\");","const util   = require(\"util\");","const DAC    = require(\"dac\");","const isUtf8 = DAC.isUtf8;","const iconv  = DAC.iconv;","","module.exports = {","  /* 读取文件并返回Unicode编码的字符串，以便在Node.js环境下进行文本处理 */","  getUnicode: function (filePath) {","    if (fsLib.existsSync(filePath)) {","      let buff = fsLib.readFileSync(filePath);","      return isUtf8(buff) ? buff.toString() : iconv.decode(buff, \"gbk\");","    }","    else {","      return null;","    }","  },","","  getBuffer: function (buff, outputCharset) {","    if (!Buffer.isBuffer(buff)) {","      buff = new Buffer(buff);","    }","","    let selfCharset = isUtf8(buff) ? \"utf-8\" : \"gbk\";","    if (selfCharset == outputCharset) {","      return buff;","    }","    else {","      return iconv.encode(iconv.decode(buff, selfCharset), outputCharset);","    }","  },","","  MD5: function (str) {","    return crypto.createHash(\"md5\").update(str).digest(\"hex\");","  },","","  unique: function (data) {","    if (util.isArray(data)) {","      return data.filter(function (elem, pos) {","        return elem && data.indexOf(elem) == pos;","      });","    }","    else {","      return [];","    }","  }","};",""],"l":{"3":1,"4":1,"5":1,"6":1,"7":1,"8":1,"10":1,"13":0,"14":0,"15":0,"18":0,"23":0,"24":0,"27":0,"28":0,"29":0,"32":0,"37":0,"41":0,"42":0,"43":0,"47":0}},"/home/travis/build/npmtest/node-npmtest-flex-combo/node_modules/flex-combo/lib/param.js":{"path":"/home/travis/build/npmtest/node-npmtest-flex-combo/node_modules/flex-combo/lib/param.js","s":{"1":1},"b":{},"f":{},"fnMap":{},"statementMap":{"1":{"start":{"line":1,"column":0},"end":{"line":32,"column":2}}},"branchMap":{},"code":["module.exports = {","  urls: {},","  filter: {},","  charset: \"utf-8\",","  urlBasedCharset: {},","  hosts: {},","  headers: {},","  cache: true,","  servlet: '?',","  seperator: ',',","  engine: {},","  \"dac/local\" : {","    filter: {}","  },","  \"dac/tpl\": {","    compatible: false","  },","  \"dac/babel\": {","    target: [],","    options: {}","  },","  \"dac/polymer\" : {","    filter: {},","    ignore: []","  },","  \"dac/xmd\": {","    anonymous: true,","    filter: {},","    cmd: [],","    kmd: []","  }","};"],"l":{"1":1}}}